#
# There is insufficient memory for the Java Runtime Environment to continue.
# Native memory allocation (malloc) failed to allocate 1686336 bytes for Chunk::new
# Possible reasons:
#   The system is out of physical RAM or swap space
#   In 32 bit mode, the process size limit was hit
# Possible solutions:
#   Reduce memory load on the system
#   Increase physical memory or swap space
#   Check if swap backing store is full
#   Use 64 bit Java on a 64 bit OS
#   Decrease Java heap size (-Xmx/-Xms)
#   Decrease number of Java threads
#   Decrease Java thread stack sizes (-Xss)
#   Set larger code cache with -XX:ReservedCodeCacheSize=
# This output file may be truncated or incomplete.
#
#  Out of Memory Error (allocation.cpp:390), pid=6212, tid=18840
#
# JRE version: Java(TM) SE Runtime Environment (8.0_91-b15) (build 1.8.0_91-b15)
# Java VM: Java HotSpot(TM) 64-Bit Server VM (25.91-b15 mixed mode windows-amd64 compressed oops)
# Failed to write core dump. Minidumps are not enabled by default on client versions of Windows
#

---------------  T H R E A D  ---------------

Current thread (0x0000000017169000):  JavaThread "C2 CompilerThread0" daemon [_thread_in_native, id=18840, stack(0x0000000017920000,0x0000000017a20000)]

Stack: [0x0000000017920000,0x0000000017a20000]
[error occurred during error reporting (printing stack bounds), id 0xc0000005]

Native frames: (J=compiled Java code, j=interpreted, Vv=VM code, C=native code)


Current CompileTask:
C2:   2425 1492   !   4       com.android.dx.cf.code.BytecodeArray::parseInstruction (2764 bytes)


---------------  P R O C E S S  ---------------

Java Threads: ( => current thread )
  0x00000000174b0000 JavaThread "pool-1-thread-4" [_thread_in_Java, id=13204, stack(0x0000000018320000,0x0000000018420000)]
  0x00000000174ac800 JavaThread "pool-1-thread-3" [_thread_blocked, id=20024, stack(0x0000000018220000,0x0000000018320000)]
  0x00000000174a9000 JavaThread "pool-1-thread-2" [_thread_blocked, id=16168, stack(0x0000000018120000,0x0000000018220000)]
  0x0000000017429800 JavaThread "pool-2-thread-1" [_thread_blocked, id=7316, stack(0x0000000018020000,0x0000000018120000)]
  0x00000000173cc000 JavaThread "pool-1-thread-1" [_thread_in_Java, id=9364, stack(0x0000000017f20000,0x0000000018020000)]
  0x0000000017211800 JavaThread "Service Thread" daemon [_thread_blocked, id=16024, stack(0x0000000017d20000,0x0000000017e20000)]
  0x00000000171bb800 JavaThread "C1 CompilerThread3" daemon [_thread_blocked, id=14044, stack(0x0000000017c20000,0x0000000017d20000)]
  0x000000001719e800 JavaThread "C2 CompilerThread2" daemon [_thread_in_native, id=18072, stack(0x0000000017b20000,0x0000000017c20000)]
  0x000000001718c000 JavaThread "C2 CompilerThread1" daemon [_thread_in_native, id=19144, stack(0x0000000017a20000,0x0000000017b20000)]
=>0x0000000017169000 JavaThread "C2 CompilerThread0" daemon [_thread_in_native, id=18840, stack(0x0000000017920000,0x0000000017a20000)]
  0x0000000017167000 JavaThread "Attach Listener" daemon [_thread_blocked, id=9352, stack(0x0000000017820000,0x0000000017920000)]
  0x0000000017166000 JavaThread "Signal Dispatcher" daemon [_thread_blocked, id=13800, stack(0x0000000017720000,0x0000000017820000)]
  0x000000000271e000 JavaThread "Finalizer" daemon [_thread_blocked, id=10784, stack(0x0000000017540000,0x0000000017640000)]
  0x0000000002715000 JavaThread "Reference Handler" daemon [_thread_blocked, id=5960, stack(0x0000000017040000,0x0000000017140000)]
  0x0000000002620800 JavaThread "main" [_thread_blocked, id=16724, stack(0x0000000002520000,0x0000000002620000)]

Other Threads:
  0x0000000015239800 VMThread [stack: 0x0000000016f40000,0x0000000017040000] [id=16224]
  0x00000000171e0000 WatcherThread [stack: 0x0000000017e20000,0x0000000017f20000] [id=17904]

VM state:not at safepoint (normal execution)

VM Mutex/Monitor currently owned by a thread: None

Heap:
 PSYoungGen      total 76288K, used 39579K [0x00000000eab00000, 0x00000000f4000000, 0x0000000100000000)
  eden space 65536K, 43% used [0x00000000eab00000,0x00000000ec728f20,0x00000000eeb00000)
  from space 10752K, 99% used [0x00000000eeb00000,0x00000000ef57e0c8,0x00000000ef580000)
  to   space 10752K, 0% used [0x00000000f3580000,0x00000000f3580000,0x00000000f4000000)
 ParOldGen       total 175104K, used 252K [0x00000000c0000000, 0x00000000cab00000, 0x00000000eab00000)
  object space 175104K, 0% used [0x00000000c0000000,0x00000000c003f008,0x00000000cab00000)
 Metaspace       used 6078K, capacity 6962K, committed 7040K, reserved 1056768K
  class space    used 597K, capacity 618K, committed 640K, reserved 1048576K

Card table byte_map: [0x0000000011ae0000,0x0000000011cf0000] byte_map_base: 0x00000000114e0000

Marking Bits: (ParMarkBitMap*) 0x0000000052d12f70
 Begin Bits: [0x0000000012650000, 0x0000000013650000)
 End Bits:   [0x0000000013650000, 0x0000000014650000)

Polling page: 0x0000000000cb0000

CodeCache: size=245760Kb used=5871Kb max_used=5871Kb free=239888Kb
 bounds [0x0000000002720000, 0x0000000002cf0000, 0x0000000011720000]
 total_blobs=1753 nmethods=1484 adapters=182
 compilation: enabled

Compilation events (10 events):
Event: 2.402 Thread 0x00000000171bb800 1509       2       com.android.dx.rop.type.Type::isCategory1 (36 bytes)
Event: 2.402 Thread 0x00000000171bb800 nmethod 1509 0x0000000002caced0 code [0x0000000002cad020, 0x0000000002cad190]
Event: 2.402 Thread 0x00000000171bb800 1510       2       com.android.dx.cf.code.Simulator::requiredArrayTypeFor (74 bytes)
Event: 2.403 Thread 0x00000000171bb800 nmethod 1510 0x0000000002cac710 code [0x0000000002cac8c0, 0x0000000002cacc18]
Event: 2.403 Thread 0x00000000171bb800 1511       2       com.android.dx.cf.code.ExecutionStack::peekLocal (46 bytes)
Event: 2.403 Thread 0x00000000171bb800 nmethod 1511 0x0000000002cac0d0 code [0x0000000002cac260, 0x0000000002cac558]
Event: 2.403 Thread 0x00000000171bb800 1512       2       com.android.dx.cf.code.BaseMachine::popArgs (204 bytes)
Event: 2.404 Thread 0x00000000171bb800 nmethod 1512 0x0000000002cdec10 code [0x0000000002cdef60, 0x0000000002cdfcc8]
Event: 2.408 Thread 0x00000000171bb800 1514       2       com.android.dx.cf.iface.StdMember::<init> (69 bytes)
Event: 2.408 Thread 0x00000000171bb800 nmethod 1514 0x0000000002ce0b10 code [0x0000000002ce0ca0, 0x0000000002ce1028]

GC Heap History (2 events):
Event: 2.113 GC heap before
{Heap before GC invocations=1 (full 0):
 PSYoungGen      total 76288K, used 65536K [0x00000000eab00000, 0x00000000f0000000, 0x0000000100000000)
  eden space 65536K, 100% used [0x00000000eab00000,0x00000000eeb00000,0x00000000eeb00000)
  from space 10752K, 0% used [0x00000000ef580000,0x00000000ef580000,0x00000000f0000000)
  to   space 10752K, 0% used [0x00000000eeb00000,0x00000000eeb00000,0x00000000ef580000)
 ParOldGen       total 175104K, used 0K [0x00000000c0000000, 0x00000000cab00000, 0x00000000eab00000)
  object space 175104K, 0% used [0x00000000c0000000,0x00000000c0000000,0x00000000cab00000)
 Metaspace       used 6058K, capacity 6962K, committed 7040K, reserved 1056768K
  class space    used 596K, capacity 618K, committed 640K, reserved 1048576K
Event: 2.212 GC heap after
Heap after GC invocations=1 (full 0):
 PSYoungGen      total 76288K, used 10744K [0x00000000eab00000, 0x00000000f4000000, 0x0000000100000000)
  eden space 65536K, 0% used [0x00000000eab00000,0x00000000eab00000,0x00000000eeb00000)
  from space 10752K, 99% used [0x00000000eeb00000,0x00000000ef57e0c8,0x00000000ef580000)
  to   space 10752K, 0% used [0x00000000f3580000,0x00000000f3580000,0x00000000f4000000)
 ParOldGen       total 175104K, used 252K [0x00000000c0000000, 0x00000000cab00000, 0x00000000eab00000)
  object space 175104K, 0% used [0x00000000c0000000,0x00000000c003f008,0x00000000cab00000)
 Metaspace       used 6058K, capacity 6962K, committed 7040K, reserved 1056768K
  class space    used 596K, capacity 618K, committed 640K, reserved 1048576K
}

Deoptimization events (10 events):
Event: 2.237 Thread 0x00000000174b0000 Uncommon trap: reason=bimorphic action=maybe_recompile pc=0x0000000002959dd4 method=java.util.HashMap.getNode(ILjava/lang/Object;)Ljava/util/HashMap$Node; @ 126
Event: 2.255 Thread 0x00000000174ac800 Uncommon trap: reason=bimorphic action=maybe_recompile pc=0x0000000002cc57b0 method=com.android.dx.cf.code.BytecodeArray.parseInstruction(ILcom/android/dx/cf/code/BytecodeArray$Visitor;)I @ 1357
Event: 2.255 Thread 0x00000000174ac800 Uncommon trap: reason=unstable_if action=reinterpret pc=0x0000000002a99c7c method=com.android.dx.util.IntList.binarysearch(I)I @ 105
Event: 2.255 Thread 0x00000000174ac800 Uncommon trap: reason=bimorphic action=maybe_recompile pc=0x0000000002cc57b0 method=com.android.dx.cf.code.BytecodeArray.parseInstruction(ILcom/android/dx/cf/code/BytecodeArray$Visitor;)I @ 1357
Event: 2.256 Thread 0x00000000174ac800 Uncommon trap: reason=unstable_if action=reinterpret pc=0x0000000002c4aff0 method=com.android.dx.ssa.SCCP.simulateBranch(Lcom/android/dx/ssa/SsaInsn;)V @ 64
Event: 2.257 Thread 0x00000000174ac800 Uncommon trap: reason=unstable_if action=reinterpret pc=0x0000000002a8bf9c method=com.android.dx.ssa.SsaMethod.updateOneDefinition(Lcom/android/dx/ssa/SsaInsn;Lcom/android/dx/rop/code/RegisterSpec;)V @ 4
Event: 2.264 Thread 0x00000000174ac800 Uncommon trap: reason=bimorphic action=maybe_recompile pc=0x0000000002959dd4 method=java.util.HashMap.getNode(ILjava/lang/Object;)Ljava/util/HashMap$Node; @ 126
Event: 2.264 Thread 0x00000000174ac800 Uncommon trap: reason=bimorphic action=maybe_recompile pc=0x0000000002959dd4 method=java.util.HashMap.getNode(ILjava/lang/Object;)Ljava/util/HashMap$Node; @ 126
Event: 2.275 Thread 0x00000000174ac800 Uncommon trap: reason=bimorphic action=maybe_recompile pc=0x0000000002cc4b7c method=com.android.dx.cf.code.BytecodeArray.parseInstruction(ILcom/android/dx/cf/code/BytecodeArray$Visitor;)I @ 1501
Event: 2.276 Thread 0x00000000174ac800 Uncommon trap: reason=bimorphic action=maybe_recompile pc=0x0000000002cc4b7c method=com.android.dx.cf.code.BytecodeArray.parseInstruction(ILcom/android/dx/cf/code/BytecodeArray$Visitor;)I @ 1501

Internal exceptions (3 events):
Event: 0.110 Thread 0x0000000002620800 Exception <a 'java/lang/NoSuchMethodError': Method sun.misc.Unsafe.defineClass(Ljava/lang/String;[BII)Ljava/lang/Class; name or signature does not match> (0x00000000eab07cc0) thrown at [C:\re\workspace\8-2-build-windows-amd64-cygwin\jdk8u91\7017\hotspot\srédáH}@¼?
Event: 0.110 Thread 0x0000000002620800 Exception <a 'java/lang/NoSuchMethodError': Method sun.misc.Unsafe.prefetchRead(Ljava/lang/Object;J)V name or signature does not match> (0x00000000eab07fa8) thrown at [C:\re\workspace\8-2-build-windows-amd64-cygwin\jdk8u91\7017\hotspot\src\share\vm\prims\jr`Dßÿû?
Event: 1.750 Thread 0x00000000174a9000 Implicit null exception at 0x0000000002979b98 to 0x000000000297a751

Events (10 events):
Event: 2.264 Thread 0x00000000174ac800 DEOPT UNPACKING pc=0x000000000276582a sp=0x000000001831e938 mode 2
Event: 2.264 Thread 0x00000000174ac800 Uncommon trap: trap_request=0xffffffc6 fr.pc=0x0000000002959dd4
Event: 2.264 Thread 0x00000000174ac800 DEOPT PACKING pc=0x0000000002959dd4 sp=0x000000001831ea10
Event: 2.264 Thread 0x00000000174ac800 DEOPT UNPACKING pc=0x000000000276582a sp=0x000000001831e938 mode 2
Event: 2.275 Thread 0x00000000174ac800 Uncommon trap: trap_request=0xffffffc6 fr.pc=0x0000000002cc4b7c
Event: 2.275 Thread 0x00000000174ac800 DEOPT PACKING pc=0x0000000002cc4b7c sp=0x000000001831e9c0
Event: 2.276 Thread 0x00000000174ac800 DEOPT UNPACKING pc=0x000000000276582a sp=0x000000001831e960 mode 2
Event: 2.276 Thread 0x00000000174ac800 Uncommon trap: trap_request=0xffffffc6 fr.pc=0x0000000002cc4b7c
Event: 2.276 Thread 0x00000000174ac800 DEOPT PACKING pc=0x0000000002cc4b7c sp=0x000000001831e780
Event: 2.276 Thread 0x00000000174ac800 DEOPT UNPACKING pc=0x000000000276582a sp=0x000000001831e720 mode 2


Dynamic libraries:
0x00007ff6bbba0000 - 0x00007ff6bbbd7000 	C:\Program Files\Java\jdk1.8.0_91\bin\java.exe
0x00007ffa08a60000 - 0x00007ffa08c0d000 	C:\Windows\SYSTEM32\ntdll.dll
0x00007ffa06460000 - 0x00007ffa0659e000 	C:\Windows\system32\KERNEL32.DLL
0x00007ffa05f90000 - 0x00007ffa060a5000 	C:\Windows\system32\KERNELBASE.dll
0x00007ffa04750000 - 0x00007ffa047de000 	C:\Windows\system32\apphelp.dll
0x00007ff9f05c0000 - 0x00007ff9f0613000 	C:\Windows\AppPatch\AppPatch64\AcGenral.DLL
0x00007ffa07c20000 - 0x00007ffa07cca000 	C:\Windows\system32\msvcrt.dll
0x00007ffa060b0000 - 0x00007ffa060de000 	C:\Windows\system32\SspiCli.dll
0x00007ffa06180000 - 0x00007ffa061d4000 	C:\Windows\system32\SHLWAPI.dll
0x00007ffa083f0000 - 0x00007ffa08567000 	C:\Windows\system32\USER32.dll
0x00007ffa07ef0000 - 0x00007ffa08084000 	C:\Windows\system32\ole32.dll
0x00007ffa066f0000 - 0x00007ffa07c18000 	C:\Windows\system32\SHELL32.dll
0x00007ffa05150000 - 0x00007ffa05171000 	C:\Windows\SYSTEM32\USERENV.dll
0x00007ffa07e40000 - 0x00007ffa07eea000 	C:\Windows\system32\ADVAPI32.dll
0x00007ff9f3d90000 - 0x00007ff9f3dae000 	C:\Windows\SYSTEM32\MPR.dll
0x00007ffa087c0000 - 0x00007ffa08900000 	C:\Windows\system32\RPCRT4.dll
0x00007ffa07cd0000 - 0x00007ffa07d29000 	C:\Windows\SYSTEM32\sechost.dll
0x00007ffa08090000 - 0x00007ffa082a1000 	C:\Windows\SYSTEM32\combase.dll
0x00007ffa065a0000 - 0x00007ffa066ef000 	C:\Windows\system32\GDI32.dll
0x00007ffa05b80000 - 0x00007ffa05b95000 	C:\Windows\SYSTEM32\profapi.dll
0x00007ffa04120000 - 0x00007ffa041d2000 	C:\Windows\SYSTEM32\SHCORE.dll
0x00007ffa060e0000 - 0x00007ffa06116000 	C:\Windows\system32\IMM32.DLL
0x00007ffa08900000 - 0x00007ffa08a52000 	C:\Windows\system32\MSCTF.dll
0x00007ffa03800000 - 0x00007ffa03a7b000 	C:\Windows\WinSxS\amd64_microsoft.windows.common-controls_6595b64144ccf1df_6.0.9600.18006_none_623f33d3ecbe86e8\COMCTL32.dll
0x0000000053790000 - 0x0000000053862000 	C:\Program Files\Java\jdk1.8.0_91\jre\bin\msvcr100.dll
0x0000000052500000 - 0x0000000052d93000 	C:\Program Files\Java\jdk1.8.0_91\jre\bin\server\jvm.dll
0x00007ff9fdc60000 - 0x00007ff9fdc69000 	C:\Windows\SYSTEM32\WSOCK32.dll
0x00007ff9fdd00000 - 0x00007ff9fdd22000 	C:\Windows\SYSTEM32\WINMM.dll
0x00007ff9fe340000 - 0x00007ff9fe34a000 	C:\Windows\SYSTEM32\VERSION.dll
0x00007ffa082b0000 - 0x00007ffa082b7000 	C:\Windows\system32\PSAPI.DLL
0x00007ffa06120000 - 0x00007ffa0617a000 	C:\Windows\system32\WS2_32.dll
0x00007ff9fdcd0000 - 0x00007ff9fdcfa000 	C:\Windows\SYSTEM32\WINMMBASE.dll
0x00007ffa07d50000 - 0x00007ffa07d59000 	C:\Windows\system32\NSI.dll
0x00007ffa05c50000 - 0x00007ffa05c9f000 	C:\Windows\SYSTEM32\cfgmgr32.dll
0x00007ffa049a0000 - 0x00007ffa049c8000 	C:\Windows\SYSTEM32\DEVOBJ.dll
0x0000000053780000 - 0x000000005378f000 	C:\Program Files\Java\jdk1.8.0_91\jre\bin\verify.dll
0x0000000053750000 - 0x0000000053779000 	C:\Program Files\Java\jdk1.8.0_91\jre\bin\java.dll
0x0000000053730000 - 0x0000000053746000 	C:\Program Files\Java\jdk1.8.0_91\jre\bin\zip.dll

VM Arguments:
jvm_args: -Djava.awt.headless=true -Xmx1024M -Dfile.encoding=windows-1252 -Duser.country=US -Duser.language=en -Duser.variant 
java_command: com.android.dx.command.Main --dex --num-threads=4 --output F:\Android Workspace New Crashed Latest\KIMS\mobile\build\intermediates\pre-dexed\release\ksoap2_ffe1e7266863ac300e8b37a8a8737fcd898c6f88.jar F:\Android Workspace New Crashed Latest\KIMS\mobile\libs\ksoap2.jar
java_class_path (initial): F:\Android-Tools\Eclipse2015\sdk\build-tools\25.0.0\lib\dx.jar
Launcher Type: SUN_STANDARD

Environment Variables:
PATH=C:\Program Files (x86)\PC Connectivity Solution\;C:\ProgramData\Oracle\Java\javapath;C:\Windows\system32;C:\Windows;C:\Windows\System32\Wbem;C:\Windows\System32\WindowsPowerShell\v1.0\;C:\Program Files (x86)\Windows Kits\8.1\Windows Performance Toolkit\;C:\Program Files\Microsoft SQL Server\110\Tools\Binn\;C:\Program Files (x86)\Microsoft SQL Server\100\Tools\Binn\;C:\Program Files\Microsoft SQL Server\100\Tools\Binn\;C:\Program Files\Microsoft SQL Server\100\DTS\Binn\;C:\Program Files (x86)\Microsoft SQL Server\100\Tools\Binn\VSShell\Common7\IDE\;C:\Program Files (x86)\Microsoft Visual Studio 9.0\Common7\IDE\PrivateAssemblies\;C:\Program Files (x86)\Microsoft SQL Server\100\DTS\Binn\;C:\Program Files (x86)\Skype\Phone\;C:\Program Files\nodejs\;C:\Users\Android\AppData\Roaming\npm
USERNAME=Android
OS=Windows_NT
PROCESSOR_IDENTIFIER=Intel64 Family 6 Model 60 Stepping 3, GenuineIntel



---------------  S Y S T E M  ---------------

OS: Windows 8.1 , 64 bit Build 9600 (6.3.9600.17415)

CPU:total 8 (4 cores per cpu, 2 threads per core) family 6 model 60 stepping 3, cmov, cx8, fxsr, mmx, sse, sse2, sse3, ssse3, sse4.1, sse4.2, popcnt, avx, avx2, aes, clmul, erms, rtm, lzcnt, ht, tsc, tscinvbit, bmi1, bmi2

Memory: 4k page, physical 16688520k(2323012k free), swap 19834248k(5196k free)

vm_info: Java HotSpot(TM) 64-Bit Server VM (25.91-b15) for windows-amd64 JRE (1.8.0_91-b15), built on May 20 2016 17:43:15 by "java_re" with MS VC++ 10.0 (VS2010)

time: Tue Mar 14 21:51:27 2017
elapsed time: 2 seconds (0d 0h 0m 2s)

