#
# There is insufficient memory for the Java Runtime Environment to continue.
# Native memory allocation (malloc) failed to allocate 645616 bytes for Chunk::new
# Possible reasons:
#   The system is out of physical RAM or swap space
#   In 32 bit mode, the process size limit was hit
# Possible solutions:
#   Reduce memory load on the system
#   Increase physical memory or swap space
#   Check if swap backing store is full
#   Use 64 bit Java on a 64 bit OS
#   Decrease Java heap size (-Xmx/-Xms)
#   Decrease number of Java threads
#   Decrease Java thread stack sizes (-Xss)
#   Set larger code cache with -XX:ReservedCodeCacheSize=
# This output file may be truncated or incomplete.
#
#  Out of Memory Error (allocation.cpp:390), pid=14272, tid=7128
#
# JRE version: Java(TM) SE Runtime Environment (8.0_91-b15) (build 1.8.0_91-b15)
# Java VM: Java HotSpot(TM) 64-Bit Server VM (25.91-b15 mixed mode windows-amd64 compressed oops)
# Failed to write core dump. Minidumps are not enabled by default on client versions of Windows
#

---------------  T H R E A D  ---------------

Current thread (0x0000000016da8000):  JavaThread "C2 CompilerThread0" daemon [_thread_in_native, id=7128, stack(0x0000000017560000,0x0000000017660000)]

Stack: [0x0000000017560000,0x0000000017660000]
[error occurred during error reporting (printing stack bounds), id 0xc0000005]

Native frames: (J=compiled Java code, j=interpreted, Vv=VM code, C=native code)


Current CompileTask:
C2:   2825 1678 %     4       com.android.dx.ssa.SsaConverter::placePhiFunctions @ 131 (394 bytes)


---------------  P R O C E S S  ---------------

Java Threads: ( => current thread )
  0x0000000016f93800 JavaThread "pool-1-thread-4" [_thread_in_Java, id=13868, stack(0x0000000017f60000,0x0000000018060000)]
  0x0000000016f7c800 JavaThread "pool-1-thread-3" [_thread_in_Java, id=18428, stack(0x0000000017e60000,0x0000000017f60000)]
  0x0000000016f7b800 JavaThread "pool-1-thread-2" [_thread_blocked, id=7288, stack(0x0000000017d60000,0x0000000017e60000)]
  0x0000000016f74000 JavaThread "pool-2-thread-1" [_thread_blocked, id=16944, stack(0x0000000017c60000,0x0000000017d60000)]
  0x0000000016f73000 JavaThread "pool-1-thread-1" [_thread_blocked, id=5488, stack(0x0000000017b60000,0x0000000017c60000)]
  0x0000000016e46000 JavaThread "Service Thread" daemon [_thread_blocked, id=10988, stack(0x0000000017960000,0x0000000017a60000)]
  0x0000000016dbf000 JavaThread "C1 CompilerThread3" daemon [_thread_in_native, id=17276, stack(0x0000000017860000,0x0000000017960000)]
  0x0000000016dba000 JavaThread "C2 CompilerThread2" daemon [_thread_in_native, id=20100, stack(0x0000000017760000,0x0000000017860000)]
  0x0000000016dad000 JavaThread "C2 CompilerThread1" daemon [_thread_in_native, id=15012, stack(0x0000000017660000,0x0000000017760000)]
=>0x0000000016da8000 JavaThread "C2 CompilerThread0" daemon [_thread_in_native, id=7128, stack(0x0000000017560000,0x0000000017660000)]
  0x0000000016da6800 JavaThread "Attach Listener" daemon [_thread_blocked, id=5636, stack(0x0000000017460000,0x0000000017560000)]
  0x0000000014ebe800 JavaThread "Signal Dispatcher" daemon [_thread_blocked, id=16140, stack(0x0000000017360000,0x0000000017460000)]
  0x0000000016da0800 JavaThread "Finalizer" daemon [_thread_blocked, id=14436, stack(0x0000000017180000,0x0000000017280000)]
  0x0000000002384000 JavaThread "Reference Handler" daemon [_thread_blocked, id=10376, stack(0x0000000016c80000,0x0000000016d80000)]
  0x0000000002290800 JavaThread "main" [_thread_in_native, id=2520, stack(0x00000000020f0000,0x00000000021f0000)]

Other Threads:
  0x0000000014ea9800 VMThread [stack: 0x0000000016b80000,0x0000000016c80000] [id=11700]
  0x0000000016e70000 WatcherThread [stack: 0x0000000017a60000,0x0000000017b60000] [id=7236]

VM state:not at safepoint (normal execution)

VM Mutex/Monitor currently owned by a thread: None

Heap:
 PSYoungGen      total 76288K, used 41994K [0x00000000eab00000, 0x00000000f4000000, 0x0000000100000000)
  eden space 65536K, 47% used [0x00000000eab00000,0x00000000ec983d30,0x00000000eeb00000)
  from space 10752K, 99% used [0x00000000eeb00000,0x00000000ef57ecd8,0x00000000ef580000)
  to   space 10752K, 0% used [0x00000000f3580000,0x00000000f3580000,0x00000000f4000000)
 ParOldGen       total 175104K, used 276K [0x00000000c0000000, 0x00000000cab00000, 0x00000000eab00000)
  object space 175104K, 0% used [0x00000000c0000000,0x00000000c0045210,0x00000000cab00000)
 Metaspace       used 6092K, capacity 7152K, committed 7296K, reserved 1056768K
  class space    used 589K, capacity 616K, committed 640K, reserved 1048576K

Card table byte_map: [0x0000000011750000,0x0000000011960000] byte_map_base: 0x0000000011150000

Marking Bits: (ParMarkBitMap*) 0x0000000052d12f70
 Begin Bits: [0x00000000122c0000, 0x00000000132c0000)
 End Bits:   [0x00000000132c0000, 0x00000000142c0000)

Polling page: 0x00000000007d0000

CodeCache: size=245760Kb used=7466Kb max_used=7466Kb free=238293Kb
 bounds [0x0000000002390000, 0x0000000002af0000, 0x0000000011390000]
 total_blobs=2000 nmethods=1737 adapters=175
 compilation: enabled

Compilation events (10 events):
Event: 2.821 Thread 0x0000000016dbf000 nmethod 1759 0x0000000002ad6b10 code [0x0000000002ad6dc0, 0x0000000002ad80a8]
Event: 2.821 Thread 0x0000000016dbf000 1760       3       com.android.dx.ssa.back.RegisterAllocator::<init> (15 bytes)
Event: 2.821 Thread 0x0000000016dbf000 nmethod 1760 0x0000000002ad8b50 code [0x0000000002ad8ca0, 0x0000000002ad8e70]
Event: 2.821 Thread 0x0000000016dbf000 1761       3       com.android.dx.ssa.MoveParamCombiner::run (45 bytes)
Event: 2.821 Thread 0x0000000016dbf000 nmethod 1761 0x0000000002ad8f10 code [0x0000000002ad90e0, 0x0000000002ad9998]
Event: 2.821 Thread 0x0000000016dbf000 1762       3       com.android.dx.ssa.back.SsaToRop::convert (99 bytes)
Event: 2.822 Thread 0x0000000016dbf000 nmethod 1762 0x0000000002ad9dd0 code [0x0000000002ada080, 0x0000000002adb378]
Event: 2.822 Thread 0x0000000016dbf000 1768       2       com.android.dx.ssa.ConstCollector::run (236 bytes)
Event: 2.824 Thread 0x0000000016dbf000 nmethod 1768 0x0000000002adbe90 code [0x0000000002adc280, 0x0000000002add558]
Event: 2.824 Thread 0x0000000016dbf000 1770       2       com.android.dx.ssa.back.FirstFitLocalCombiningAllocator::handlePhiInsns (36 bytes)

GC Heap History (2 events):
Event: 1.419 GC heap before
{Heap before GC invocations=1 (full 0):
 PSYoungGen      total 76288K, used 65536K [0x00000000eab00000, 0x00000000f0000000, 0x0000000100000000)
  eden space 65536K, 100% used [0x00000000eab00000,0x00000000eeb00000,0x00000000eeb00000)
  from space 10752K, 0% used [0x00000000ef580000,0x00000000ef580000,0x00000000f0000000)
  to   space 10752K, 0% used [0x00000000eeb00000,0x00000000eeb00000,0x00000000ef580000)
 ParOldGen       total 175104K, used 0K [0x00000000c0000000, 0x00000000cab00000, 0x00000000eab00000)
  object space 175104K, 0% used [0x00000000c0000000,0x00000000c0000000,0x00000000cab00000)
 Metaspace       used 6032K, capacity 7088K, committed 7296K, reserved 1056768K
  class space    used 588K, capacity 616K, committed 640K, reserved 1048576K
Event: 1.598 GC heap after
Heap after GC invocations=1 (full 0):
 PSYoungGen      total 76288K, used 10747K [0x00000000eab00000, 0x00000000f4000000, 0x0000000100000000)
  eden space 65536K, 0% used [0x00000000eab00000,0x00000000eab00000,0x00000000eeb00000)
  from space 10752K, 99% used [0x00000000eeb00000,0x00000000ef57ecd8,0x00000000ef580000)
  to   space 10752K, 0% used [0x00000000f3580000,0x00000000f3580000,0x00000000f4000000)
 ParOldGen       total 175104K, used 276K [0x00000000c0000000, 0x00000000cab00000, 0x00000000eab00000)
  object space 175104K, 0% used [0x00000000c0000000,0x00000000c0045210,0x00000000cab00000)
 Metaspace       used 6032K, capacity 7088K, committed 7296K, reserved 1056768K
  class space    used 588K, capacity 616K, committed 640K, reserved 1048576K
}

Deoptimization events (10 events):
Event: 2.772 Thread 0x0000000016f73000 Uncommon trap: reason=bimorphic action=maybe_recompile pc=0x0000000002a7926c method=com.android.dx.cf.code.RopperMachine.run(Lcom/android/dx/cf/code/Frame;II)V @ 978
Event: 2.773 Thread 0x0000000016f73000 Uncommon trap: reason=bimorphic action=maybe_recompile pc=0x0000000002aa1b98 method=com.android.dx.rop.code.RegisterSpec.withSimpleType()Lcom/android/dx/rop/code/RegisterSpec; @ 21
Event: 2.778 Thread 0x0000000016f73000 Uncommon trap: reason=bimorphic action=maybe_recompile pc=0x0000000002a7926c method=com.android.dx.cf.code.RopperMachine.run(Lcom/android/dx/cf/code/Frame;II)V @ 978
Event: 2.778 Thread 0x0000000016f73000 Uncommon trap: reason=bimorphic action=maybe_recompile pc=0x0000000002aa1b98 method=com.android.dx.rop.code.RegisterSpec.withSimpleType()Lcom/android/dx/rop/code/RegisterSpec; @ 21
Event: 2.813 Thread 0x0000000016f73000 Uncommon trap: reason=unstable_if action=reinterpret pc=0x000000000274fdbc method=com.android.dx.util.IntList.binarysearch(I)I @ 105
Event: 2.821 Thread 0x0000000016f93800 Uncommon trap: reason=bimorphic action=maybe_recompile pc=0x0000000002a7926c method=com.android.dx.cf.code.RopperMachine.run(Lcom/android/dx/cf/code/Frame;II)V @ 978
Event: 2.821 Thread 0x0000000016f93800 Uncommon trap: reason=bimorphic action=maybe_recompile pc=0x0000000002aa1b98 method=com.android.dx.rop.code.RegisterSpec.withSimpleType()Lcom/android/dx/rop/code/RegisterSpec; @ 21
Event: 2.822 Thread 0x0000000016f93800 Uncommon trap: reason=bimorphic action=maybe_recompile pc=0x0000000002a25134 method=com.android.dx.ssa.SCCP.simulatePhi(Lcom/android/dx/ssa/PhiInsn;)V @ 124
Event: 2.823 Thread 0x0000000016f93800 Uncommon trap: reason=bimorphic action=maybe_recompile pc=0x0000000002aa1b98 method=com.android.dx.rop.code.RegisterSpec.withSimpleType()Lcom/android/dx/rop/code/RegisterSpec; @ 21
Event: 2.824 Thread 0x0000000016f93800 Uncommon trap: reason=bimorphic action=maybe_recompile pc=0x0000000002a25134 method=com.android.dx.ssa.SCCP.simulatePhi(Lcom/android/dx/ssa/PhiInsn;)V @ 124

Internal exceptions (2 events):
Event: 0.024 Thread 0x0000000002290800 Exception <a 'java/lang/NoSuchMethodError': Method sun.misc.Unsafe.defineClass(Ljava/lang/String;[BII)Ljava/lang/Class; name or signature does not match> (0x00000000eab07cc0) thrown at [C:\re\workspace\8-2-build-windows-amd64-cygwin\jdk8u91\7017\hotspot\sr¬’%,Åµ˜?
Event: 0.024 Thread 0x0000000002290800 Exception <a 'java/lang/NoSuchMethodError': Method sun.misc.Unsafe.prefetchRead(Ljava/lang/Object;J)V name or signature does not match> (0x00000000eab07fa8) thrown at [C:\re\workspace\8-2-build-windows-amd64-cygwin\jdk8u91\7017\hotspot\src\share\vm\prims\j

Events (10 events):
Event: 2.821 Thread 0x0000000016f93800 DEOPT UNPACKING pc=0x00000000023d582a sp=0x000000001805e888 mode 2
Event: 2.822 Thread 0x0000000016f93800 Uncommon trap: trap_request=0xffffffc6 fr.pc=0x0000000002a25134
Event: 2.822 Thread 0x0000000016f93800 DEOPT PACKING pc=0x0000000002a25134 sp=0x000000001805e830
Event: 2.822 Thread 0x0000000016f93800 DEOPT UNPACKING pc=0x00000000023d582a sp=0x000000001805e818 mode 2
Event: 2.823 Thread 0x0000000016f93800 Uncommon trap: trap_request=0xffffffc6 fr.pc=0x0000000002aa1b98
Event: 2.823 Thread 0x0000000016f93800 DEOPT PACKING pc=0x0000000002aa1b98 sp=0x000000001805e870
Event: 2.823 Thread 0x0000000016f93800 DEOPT UNPACKING pc=0x00000000023d582a sp=0x000000001805e7d8 mode 2
Event: 2.824 Thread 0x0000000016f93800 Uncommon trap: trap_request=0xffffffc6 fr.pc=0x0000000002a25134
Event: 2.824 Thread 0x0000000016f93800 DEOPT PACKING pc=0x0000000002a25134 sp=0x000000001805e780
Event: 2.824 Thread 0x0000000016f93800 DEOPT UNPACKING pc=0x00000000023d582a sp=0x000000001805e768 mode 2


Dynamic libraries:
0x00007ff6bbba0000 - 0x00007ff6bbbd7000 	C:\Program Files\Java\jdk1.8.0_91\bin\java.exe
0x00007ffa08a60000 - 0x00007ffa08c0d000 	C:\Windows\SYSTEM32\ntdll.dll
0x00007ffa06460000 - 0x00007ffa0659e000 	C:\Windows\system32\KERNEL32.DLL
0x00007ffa05f90000 - 0x00007ffa060a5000 	C:\Windows\system32\KERNELBASE.dll
0x00007ffa04750000 - 0x00007ffa047de000 	C:\Windows\system32\apphelp.dll
0x00007ff9f05c0000 - 0x00007ff9f0613000 	C:\Windows\AppPatch\AppPatch64\AcGenral.DLL
0x00007ffa07c20000 - 0x00007ffa07cca000 	C:\Windows\system32\msvcrt.dll
0x00007ffa060b0000 - 0x00007ffa060de000 	C:\Windows\system32\SspiCli.dll
0x00007ffa06180000 - 0x00007ffa061d4000 	C:\Windows\system32\SHLWAPI.dll
0x00007ffa083f0000 - 0x00007ffa08567000 	C:\Windows\system32\USER32.dll
0x00007ffa07ef0000 - 0x00007ffa08084000 	C:\Windows\system32\ole32.dll
0x00007ffa066f0000 - 0x00007ffa07c18000 	C:\Windows\system32\SHELL32.dll
0x00007ffa05150000 - 0x00007ffa05171000 	C:\Windows\SYSTEM32\USERENV.dll
0x00007ffa07e40000 - 0x00007ffa07eea000 	C:\Windows\system32\ADVAPI32.dll
0x00007ff9f3d90000 - 0x00007ff9f3dae000 	C:\Windows\SYSTEM32\MPR.dll
0x00007ffa087c0000 - 0x00007ffa08900000 	C:\Windows\system32\RPCRT4.dll
0x00007ffa07cd0000 - 0x00007ffa07d29000 	C:\Windows\SYSTEM32\sechost.dll
0x00007ffa08090000 - 0x00007ffa082a1000 	C:\Windows\SYSTEM32\combase.dll
0x00007ffa065a0000 - 0x00007ffa066ef000 	C:\Windows\system32\GDI32.dll
0x00007ffa05b80000 - 0x00007ffa05b95000 	C:\Windows\SYSTEM32\profapi.dll
0x00007ffa04120000 - 0x00007ffa041d2000 	C:\Windows\SYSTEM32\SHCORE.dll
0x00007ffa060e0000 - 0x00007ffa06116000 	C:\Windows\system32\IMM32.DLL
0x00007ffa08900000 - 0x00007ffa08a52000 	C:\Windows\system32\MSCTF.dll
0x00007ffa03800000 - 0x00007ffa03a7b000 	C:\Windows\WinSxS\amd64_microsoft.windows.common-controls_6595b64144ccf1df_6.0.9600.18006_none_623f33d3ecbe86e8\COMCTL32.dll
0x0000000053790000 - 0x0000000053862000 	C:\Program Files\Java\jdk1.8.0_91\jre\bin\msvcr100.dll
0x0000000052500000 - 0x0000000052d93000 	C:\Program Files\Java\jdk1.8.0_91\jre\bin\server\jvm.dll
0x00007ff9fdc60000 - 0x00007ff9fdc69000 	C:\Windows\SYSTEM32\WSOCK32.dll
0x00007ff9fdd00000 - 0x00007ff9fdd22000 	C:\Windows\SYSTEM32\WINMM.dll
0x00007ff9fe340000 - 0x00007ff9fe34a000 	C:\Windows\SYSTEM32\VERSION.dll
0x00007ffa082b0000 - 0x00007ffa082b7000 	C:\Windows\system32\PSAPI.DLL
0x00007ffa06120000 - 0x00007ffa0617a000 	C:\Windows\system32\WS2_32.dll
0x00007ff9fdcd0000 - 0x00007ff9fdcfa000 	C:\Windows\SYSTEM32\WINMMBASE.dll
0x00007ffa07d50000 - 0x00007ffa07d59000 	C:\Windows\system32\NSI.dll
0x00007ffa05c50000 - 0x00007ffa05c9f000 	C:\Windows\SYSTEM32\cfgmgr32.dll
0x00007ffa049a0000 - 0x00007ffa049c8000 	C:\Windows\SYSTEM32\DEVOBJ.dll
0x0000000053780000 - 0x000000005378f000 	C:\Program Files\Java\jdk1.8.0_91\jre\bin\verify.dll
0x0000000053750000 - 0x0000000053779000 	C:\Program Files\Java\jdk1.8.0_91\jre\bin\java.dll
0x0000000053730000 - 0x0000000053746000 	C:\Program Files\Java\jdk1.8.0_91\jre\bin\zip.dll

VM Arguments:
jvm_args: -Djava.awt.headless=true -Xmx1024M -Dfile.encoding=windows-1252 -Duser.country=US -Duser.language=en -Duser.variant 
java_command: com.android.dx.command.Main --dex --num-threads=4 --output F:\Android Workspace New Crashed Latest\KIMS\mobile\build\intermediates\pre-dexed\release\release_51ddf2b2fb33e476a069fccf871ecf66d578bacf.jar F:\Android Workspace New Crashed Latest\KIMS\mobile\build\intermediates\classes\release
java_class_path (initial): F:\Android-Tools\Eclipse2015\sdk\build-tools\25.0.0\lib\dx.jar
Launcher Type: SUN_STANDARD

Environment Variables:
PATH=C:\Program Files (x86)\PC Connectivity Solution\;C:\ProgramData\Oracle\Java\javapath;C:\Windows\system32;C:\Windows;C:\Windows\System32\Wbem;C:\Windows\System32\WindowsPowerShell\v1.0\;C:\Program Files (x86)\Windows Kits\8.1\Windows Performance Toolkit\;C:\Program Files\Microsoft SQL Server\110\Tools\Binn\;C:\Program Files (x86)\Microsoft SQL Server\100\Tools\Binn\;C:\Program Files\Microsoft SQL Server\100\Tools\Binn\;C:\Program Files\Microsoft SQL Server\100\DTS\Binn\;C:\Program Files (x86)\Microsoft SQL Server\100\Tools\Binn\VSShell\Common7\IDE\;C:\Program Files (x86)\Microsoft Visual Studio 9.0\Common7\IDE\PrivateAssemblies\;C:\Program Files (x86)\Microsoft SQL Server\100\DTS\Binn\;C:\Program Files (x86)\Skype\Phone\;C:\Program Files\nodejs\;C:\Users\Android\AppData\Roaming\npm
USERNAME=Android
OS=Windows_NT
PROCESSOR_IDENTIFIER=Intel64 Family 6 Model 60 Stepping 3, GenuineIntel



---------------  S Y S T E M  ---------------

OS: Windows 8.1 , 64 bit Build 9600 (6.3.9600.17415)

CPU:total 8 (4 cores per cpu, 2 threads per core) family 6 model 60 stepping 3, cmov, cx8, fxsr, mmx, sse, sse2, sse3, ssse3, sse4.1, sse4.2, popcnt, avx, avx2, aes, clmul, erms, rtm, lzcnt, ht, tsc, tscinvbit, bmi1, bmi2

Memory: 4k page, physical 16688520k(2180308k free), swap 19834248k(4912k free)

vm_info: Java HotSpot(TM) 64-Bit Server VM (25.91-b15) for windows-amd64 JRE (1.8.0_91-b15), built on May 20 2016 17:43:15 by "java_re" with MS VC++ 10.0 (VS2010)

time: Tue Mar 14 21:50:05 2017
elapsed time: 2 seconds (0d 0h 0m 2s)

