#
# There is insufficient memory for the Java Runtime Environment to continue.
# Native memory allocation (malloc) failed to allocate 1625216 bytes for Chunk::new
# Possible reasons:
#   The system is out of physical RAM or swap space
#   In 32 bit mode, the process size limit was hit
# Possible solutions:
#   Reduce memory load on the system
#   Increase physical memory or swap space
#   Check if swap backing store is full
#   Use 64 bit Java on a 64 bit OS
#   Decrease Java heap size (-Xmx/-Xms)
#   Decrease number of Java threads
#   Decrease Java thread stack sizes (-Xss)
#   Set larger code cache with -XX:ReservedCodeCacheSize=
# This output file may be truncated or incomplete.
#
#  Out of Memory Error (allocation.cpp:390), pid=4336, tid=17212
#
# JRE version: Java(TM) SE Runtime Environment (8.0_91-b15) (build 1.8.0_91-b15)
# Java VM: Java HotSpot(TM) 64-Bit Server VM (25.91-b15 mixed mode windows-amd64 compressed oops)
# Failed to write core dump. Minidumps are not enabled by default on client versions of Windows
#

---------------  T H R E A D  ---------------

Current thread (0x0000000016987800):  JavaThread "C2 CompilerThread2" daemon [_thread_in_native, id=17212, stack(0x00000000172e0000,0x00000000173e0000)]

Stack: [0x00000000172e0000,0x00000000173e0000]
[error occurred during error reporting (printing stack bounds), id 0xc0000005]

Native frames: (J=compiled Java code, j=interpreted, Vv=VM code, C=native code)


Current CompileTask:
C2:   2579 1257   !   4       com.android.dx.cf.code.BytecodeArray::parseInstruction (2764 bytes)


---------------  P R O C E S S  ---------------

Java Threads: ( => current thread )
  0x0000000016c70000 JavaThread "pool-1-thread-4" [_thread_blocked, id=5884, stack(0x00000000182e0000,0x00000000183e0000)]
  0x0000000016c6f800 JavaThread "pool-1-thread-3" [_thread_blocked, id=3932, stack(0x00000000181e0000,0x00000000182e0000)]
  0x00000000176ee800 JavaThread "pool-1-thread-2" [_thread_blocked, id=14160, stack(0x00000000180e0000,0x00000000181e0000)]
  0x0000000016c92800 JavaThread "pool-2-thread-1" [_thread_blocked, id=17980, stack(0x0000000017fe0000,0x00000000180e0000)]
  0x0000000016c92000 JavaThread "pool-1-thread-1" [_thread_blocked, id=1312, stack(0x0000000017ee0000,0x0000000017fe0000)]
  0x00000000169a2800 JavaThread "Service Thread" daemon [_thread_blocked, id=8164, stack(0x00000000174e0000,0x00000000175e0000)]
  0x0000000016994800 JavaThread "C1 CompilerThread3" daemon [_thread_in_native, id=5692, stack(0x00000000173e0000,0x00000000174e0000)]
=>0x0000000016987800 JavaThread "C2 CompilerThread2" daemon [_thread_in_native, id=17212, stack(0x00000000172e0000,0x00000000173e0000)]
  0x0000000016986000 JavaThread "C2 CompilerThread1" daemon [_thread_in_native, id=7708, stack(0x00000000171e0000,0x00000000172e0000)]
  0x0000000016929000 JavaThread "C2 CompilerThread0" daemon [_thread_in_native, id=12056, stack(0x00000000170e0000,0x00000000171e0000)]
  0x0000000016926800 JavaThread "Attach Listener" daemon [_thread_blocked, id=3116, stack(0x0000000016fe0000,0x00000000170e0000)]
  0x0000000014a4e000 JavaThread "Signal Dispatcher" daemon [_thread_blocked, id=17484, stack(0x0000000016ee0000,0x0000000016fe0000)]
  0x0000000016920800 JavaThread "Finalizer" daemon [_thread_blocked, id=13340, stack(0x0000000016d00000,0x0000000016e00000)]
  0x0000000001f14000 JavaThread "Reference Handler" daemon [_thread_blocked, id=12820, stack(0x0000000016800000,0x0000000016900000)]
  0x0000000001e20800 JavaThread "main" [_thread_blocked, id=15832, stack(0x0000000001d20000,0x0000000001e20000)]

Other Threads:
  0x0000000014a39800 VMThread [stack: 0x0000000016700000,0x0000000016800000] [id=19164]
  0x00000000169bd000 WatcherThread [stack: 0x00000000175e0000,0x00000000176e0000] [id=9504]

VM state:not at safepoint (normal execution)

VM Mutex/Monitor currently owned by a thread: None

Heap:
 PSYoungGen      total 76288K, used 40652K [0x00000000eab00000, 0x00000000f0000000, 0x0000000100000000)
  eden space 65536K, 62% used [0x00000000eab00000,0x00000000ed2b3338,0x00000000eeb00000)
  from space 10752K, 0% used [0x00000000ef580000,0x00000000ef580000,0x00000000f0000000)
  to   space 10752K, 0% used [0x00000000eeb00000,0x00000000eeb00000,0x00000000ef580000)
 ParOldGen       total 175104K, used 0K [0x00000000c0000000, 0x00000000cab00000, 0x00000000eab00000)
  object space 175104K, 0% used [0x00000000c0000000,0x00000000c0000000,0x00000000cab00000)
 Metaspace       used 6059K, capacity 6964K, committed 7040K, reserved 1056768K
  class space    used 601K, capacity 620K, committed 640K, reserved 1048576K

Card table byte_map: [0x00000000112e0000,0x00000000114f0000] byte_map_base: 0x0000000010ce0000

Marking Bits: (ParMarkBitMap*) 0x0000000052d12f70
 Begin Bits: [0x0000000011e50000, 0x0000000012e50000)
 End Bits:   [0x0000000012e50000, 0x0000000013e50000)

Polling page: 0x0000000000330000

CodeCache: size=245760Kb used=5236Kb max_used=5236Kb free=240523Kb
 bounds [0x0000000001f20000, 0x0000000002450000, 0x0000000010f20000]
 total_blobs=1590 nmethods=1321 adapters=182
 compilation: enabled

Compilation events (10 events):
Event: 2.536 Thread 0x0000000016994800 1319       3       com.android.dx.rop.code.ThrowingInsn::withNewRegisters (21 bytes)
Event: 2.536 Thread 0x0000000016994800 nmethod 1319 0x0000000002433fd0 code [0x0000000002434140, 0x0000000002434468]
Event: 2.536 Thread 0x0000000016994800 1320       3       com.android.dx.ssa.PhiTypeResolver::equalsHandlesNulls (23 bytes)
Event: 2.537 Thread 0x0000000016994800 nmethod 1320 0x0000000002434550 code [0x00000000024346e0, 0x0000000002434b28]
Event: 2.537 Thread 0x0000000016994800 1321       3       com.android.dx.ssa.SsaMethod::onSourceChanged (65 bytes)
Event: 2.537 Thread 0x0000000016994800 nmethod 1321 0x0000000002434c50 code [0x0000000002434e20, 0x0000000002435698]
Event: 2.537 Thread 0x0000000016994800 1323       3       com.android.dx.ssa.SsaMethod::getCountReachableBlocks (44 bytes)
Event: 2.538 Thread 0x0000000016994800 nmethod 1323 0x0000000002435b90 code [0x0000000002435d60, 0x00000000024365f8]
Event: 2.538 Thread 0x0000000016994800 1322       3       com.android.dx.rop.code.RegisterSpecList::make (17 bytes)
Event: 2.538 Thread 0x0000000016994800 nmethod 1322 0x00000000024369d0 code [0x0000000002436ba0, 0x0000000002437468]

GC Heap History (0 events):
No events

Deoptimization events (4 events):
Event: 1.279 Thread 0x0000000016c92000 Uncommon trap: reason=unstable_if action=reinterpret pc=0x000000000213ed70 method=java.util.BitSet.nextSetBit(I)I @ 87
Event: 1.661 Thread 0x0000000016c6f800 Uncommon trap: reason=null_check action=make_not_entrant pc=0x00000000021fb5ec method=com.android.dx.ssa.SsaRenamer.getLocalForNewReg(I)Lcom/android/dx/rop/code/LocalItem; @ 19
Event: 1.661 Thread 0x0000000016c6f800 Uncommon trap: reason=null_check action=make_not_entrant pc=0x00000000021d54a8 method=com.android.dx.ssa.SsaRenamer.getLocalForNewReg(I)Lcom/android/dx/rop/code/LocalItem; @ 19
Event: 2.508 Thread 0x0000000016c70000 Uncommon trap: reason=unstable_if action=reinterpret pc=0x00000000022dfbbc method=com.android.dx.ssa.SsaRenamer$BlockRenamer.addMapping(ILcom/android/dx/rop/code/RegisterSpec;)V @ 120

Internal exceptions (4 events):
Event: 0.124 Thread 0x0000000001e20800 Exception <a 'java/lang/NoSuchMethodError': Method sun.misc.Unsafe.defineClass(Ljava/lang/String;[BII)Ljava/lang/Class; name or signature does not match> (0x00000000eab07cc0) thrown at [C:\re\workspace\8-2-build-windows-amd64-cygwin\jdk8u91\7017\hotspot\srÍ„ÛÙÛ¿?
Event: 0.124 Thread 0x0000000001e20800 Exception <a 'java/lang/NoSuchMethodError': Method sun.misc.Unsafe.prefetchRead(Ljava/lang/Object;J)V name or signature does not match> (0x00000000eab07fa8) thrown at [C:\re\workspace\8-2-build-windows-amd64-cygwin\jdk8u91\7017\hotspot\src\share\vm\prims\j¼¹ò0ä“ú?
Event: 1.661 Thread 0x0000000016c6f800 Implicit null exception at 0x00000000021f9b92 to 0x00000000021fb5a1
Event: 1.661 Thread 0x0000000016c6f800 Implicit null exception at 0x00000000021d3b0e to 0x00000000021d5485

Events (10 events):
Event: 1.921 Thread 0x00000000176ee800 DEOPT UNPACKING pc=0x0000000001f6787f sp=0x00000000181de0d8 mode 0
Event: 1.967 Executing VM operation: ForceSafepoint
Event: 1.968 Executing VM operation: ForceSafepoint done
Event: 1.970 loading class com/android/dx/cf/attrib/AttAnnotationDefault
Event: 1.970 loading class com/android/dx/cf/attrib/AttAnnotationDefault done
Event: 2.508 Thread 0x0000000016c70000 Uncommon trap: trap_request=0xffffff65 fr.pc=0x00000000022dfbbc
Event: 2.508 Thread 0x0000000016c70000 DEOPT PACKING pc=0x00000000022dfbbc sp=0x00000000183de990
Event: 2.508 Thread 0x0000000016c70000 DEOPT UNPACKING pc=0x0000000001f6582a sp=0x00000000183de970 mode 2
Event: 2.524 Thread 0x0000000016c70000 DEOPT PACKING pc=0x00000000022910d7 sp=0x00000000183deb80
Event: 2.524 Thread 0x0000000016c70000 DEOPT UNPACKING pc=0x0000000001f6787f sp=0x00000000183de948 mode 0


Dynamic libraries:
0x00007ff6bbba0000 - 0x00007ff6bbbd7000 	C:\Program Files\Java\jdk1.8.0_91\bin\java.exe
0x00007ffa08a60000 - 0x00007ffa08c0d000 	C:\Windows\SYSTEM32\ntdll.dll
0x00007ffa06460000 - 0x00007ffa0659e000 	C:\Windows\system32\KERNEL32.DLL
0x00007ffa05f90000 - 0x00007ffa060a5000 	C:\Windows\system32\KERNELBASE.dll
0x00007ffa04750000 - 0x00007ffa047de000 	C:\Windows\system32\apphelp.dll
0x00007ff9f05c0000 - 0x00007ff9f0613000 	C:\Windows\AppPatch\AppPatch64\AcGenral.DLL
0x00007ffa07c20000 - 0x00007ffa07cca000 	C:\Windows\system32\msvcrt.dll
0x00007ffa060b0000 - 0x00007ffa060de000 	C:\Windows\system32\SspiCli.dll
0x00007ffa06180000 - 0x00007ffa061d4000 	C:\Windows\system32\SHLWAPI.dll
0x00007ffa083f0000 - 0x00007ffa08567000 	C:\Windows\system32\USER32.dll
0x00007ffa07ef0000 - 0x00007ffa08084000 	C:\Windows\system32\ole32.dll
0x00007ffa066f0000 - 0x00007ffa07c18000 	C:\Windows\system32\SHELL32.dll
0x00007ffa05150000 - 0x00007ffa05171000 	C:\Windows\SYSTEM32\USERENV.dll
0x00007ffa07e40000 - 0x00007ffa07eea000 	C:\Windows\system32\ADVAPI32.dll
0x00007ff9f3d90000 - 0x00007ff9f3dae000 	C:\Windows\SYSTEM32\MPR.dll
0x00007ffa087c0000 - 0x00007ffa08900000 	C:\Windows\system32\RPCRT4.dll
0x00007ffa07cd0000 - 0x00007ffa07d29000 	C:\Windows\SYSTEM32\sechost.dll
0x00007ffa08090000 - 0x00007ffa082a1000 	C:\Windows\SYSTEM32\combase.dll
0x00007ffa065a0000 - 0x00007ffa066ef000 	C:\Windows\system32\GDI32.dll
0x00007ffa05b80000 - 0x00007ffa05b95000 	C:\Windows\SYSTEM32\profapi.dll
0x00007ffa04120000 - 0x00007ffa041d2000 	C:\Windows\SYSTEM32\SHCORE.dll
0x00007ffa060e0000 - 0x00007ffa06116000 	C:\Windows\system32\IMM32.DLL
0x00007ffa08900000 - 0x00007ffa08a52000 	C:\Windows\system32\MSCTF.dll
0x00007ffa03800000 - 0x00007ffa03a7b000 	C:\Windows\WinSxS\amd64_microsoft.windows.common-controls_6595b64144ccf1df_6.0.9600.18006_none_623f33d3ecbe86e8\COMCTL32.dll
0x0000000053790000 - 0x0000000053862000 	C:\Program Files\Java\jdk1.8.0_91\jre\bin\msvcr100.dll
0x0000000052500000 - 0x0000000052d93000 	C:\Program Files\Java\jdk1.8.0_91\jre\bin\server\jvm.dll
0x00007ff9fdc60000 - 0x00007ff9fdc69000 	C:\Windows\SYSTEM32\WSOCK32.dll
0x00007ff9fdd00000 - 0x00007ff9fdd22000 	C:\Windows\SYSTEM32\WINMM.dll
0x00007ff9fe340000 - 0x00007ff9fe34a000 	C:\Windows\SYSTEM32\VERSION.dll
0x00007ffa082b0000 - 0x00007ffa082b7000 	C:\Windows\system32\PSAPI.DLL
0x00007ffa06120000 - 0x00007ffa0617a000 	C:\Windows\system32\WS2_32.dll
0x00007ff9fdcd0000 - 0x00007ff9fdcfa000 	C:\Windows\SYSTEM32\WINMMBASE.dll
0x00007ffa07d50000 - 0x00007ffa07d59000 	C:\Windows\system32\NSI.dll
0x00007ffa05c50000 - 0x00007ffa05c9f000 	C:\Windows\SYSTEM32\cfgmgr32.dll
0x00007ffa049a0000 - 0x00007ffa049c8000 	C:\Windows\SYSTEM32\DEVOBJ.dll
0x0000000053780000 - 0x000000005378f000 	C:\Program Files\Java\jdk1.8.0_91\jre\bin\verify.dll
0x0000000053750000 - 0x0000000053779000 	C:\Program Files\Java\jdk1.8.0_91\jre\bin\java.dll
0x0000000053730000 - 0x0000000053746000 	C:\Program Files\Java\jdk1.8.0_91\jre\bin\zip.dll

VM Arguments:
jvm_args: -Djava.awt.headless=true -Xmx1024M -Dfile.encoding=windows-1252 -Duser.country=US -Duser.language=en -Duser.variant 
java_command: com.android.dx.command.Main --dex --num-threads=4 --output F:\Android Workspace New Crashed Latest\KIMS\mobile\build\intermediates\pre-dexed\release\gson-2.2.4_3c8b222bb965ee15e1ab64dcfc97155f240ddd16.jar F:\Android Workspace New Crashed Latest\KIMS\mobile\libs\gson-2.2.4.jar
java_class_path (initial): F:\Android-Tools\Eclipse2015\sdk\build-tools\25.0.0\lib\dx.jar
Launcher Type: SUN_STANDARD

Environment Variables:
PATH=C:\Program Files (x86)\PC Connectivity Solution\;C:\ProgramData\Oracle\Java\javapath;C:\Windows\system32;C:\Windows;C:\Windows\System32\Wbem;C:\Windows\System32\WindowsPowerShell\v1.0\;C:\Program Files (x86)\Windows Kits\8.1\Windows Performance Toolkit\;C:\Program Files\Microsoft SQL Server\110\Tools\Binn\;C:\Program Files (x86)\Microsoft SQL Server\100\Tools\Binn\;C:\Program Files\Microsoft SQL Server\100\Tools\Binn\;C:\Program Files\Microsoft SQL Server\100\DTS\Binn\;C:\Program Files (x86)\Microsoft SQL Server\100\Tools\Binn\VSShell\Common7\IDE\;C:\Program Files (x86)\Microsoft Visual Studio 9.0\Common7\IDE\PrivateAssemblies\;C:\Program Files (x86)\Microsoft SQL Server\100\DTS\Binn\;C:\Program Files (x86)\Skype\Phone\;C:\Program Files\nodejs\;C:\Users\Android\AppData\Roaming\npm
USERNAME=Android
OS=Windows_NT
PROCESSOR_IDENTIFIER=Intel64 Family 6 Model 60 Stepping 3, GenuineIntel



---------------  S Y S T E M  ---------------

OS: Windows 8.1 , 64 bit Build 9600 (6.3.9600.17415)

CPU:total 8 (4 cores per cpu, 2 threads per core) family 6 model 60 stepping 3, cmov, cx8, fxsr, mmx, sse, sse2, sse3, ssse3, sse4.1, sse4.2, popcnt, avx, avx2, aes, clmul, erms, rtm, lzcnt, ht, tsc, tscinvbit, bmi1, bmi2

Memory: 4k page, physical 16688520k(2186240k free), swap 19834248k(8036k free)

vm_info: Java HotSpot(TM) 64-Bit Server VM (25.91-b15) for windows-amd64 JRE (1.8.0_91-b15), built on May 20 2016 17:43:15 by "java_re" with MS VC++ 10.0 (VS2010)

time: Tue Mar 14 21:50:05 2017
elapsed time: 2 seconds (0d 0h 0m 2s)

