#
# There is insufficient memory for the Java Runtime Environment to continue.
# Native memory allocation (malloc) failed to allocate 1107936 bytes for Chunk::new
# Possible reasons:
#   The system is out of physical RAM or swap space
#   In 32 bit mode, the process size limit was hit
# Possible solutions:
#   Reduce memory load on the system
#   Increase physical memory or swap space
#   Check if swap backing store is full
#   Use 64 bit Java on a 64 bit OS
#   Decrease Java heap size (-Xmx/-Xms)
#   Decrease number of Java threads
#   Decrease Java thread stack sizes (-Xss)
#   Set larger code cache with -XX:ReservedCodeCacheSize=
# This output file may be truncated or incomplete.
#
#  Out of Memory Error (allocation.cpp:390), pid=12892, tid=12744
#
# JRE version: Java(TM) SE Runtime Environment (8.0_91-b15) (build 1.8.0_91-b15)
# Java VM: Java HotSpot(TM) 64-Bit Server VM (25.91-b15 mixed mode windows-amd64 compressed oops)
# Failed to write core dump. Minidumps are not enabled by default on client versions of Windows
#

---------------  T H R E A D  ---------------

Current thread (0x00000000172ef000):  JavaThread "C2 CompilerThread1" daemon [_thread_in_native, id=12744, stack(0x0000000017ba0000,0x0000000017ca0000)]

Stack: [0x0000000017ba0000,0x0000000017ca0000]
[error occurred during error reporting (printing stack bounds), id 0xc0000005]

Native frames: (J=compiled Java code, j=interpreted, Vv=VM code, C=native code)


Current CompileTask:
C2:   2371 1402       4       com.android.dx.ssa.SsaRenamer$BlockRenamer::process (191 bytes)


---------------  P R O C E S S  ---------------

Java Threads: ( => current thread )
  0x00000000175c2800 JavaThread "pool-1-thread-4" [_thread_in_Java, id=16568, stack(0x00000000184a0000,0x00000000185a0000)]
  0x00000000175b9000 JavaThread "pool-1-thread-2" [_thread_in_Java, id=20348, stack(0x00000000182a0000,0x00000000183a0000)]
  0x00000000174df800 JavaThread "pool-2-thread-1" [_thread_blocked, id=2416, stack(0x00000000181a0000,0x00000000182a0000)]
  0x000000001736c800 JavaThread "Service Thread" daemon [_thread_blocked, id=13260, stack(0x0000000017ea0000,0x0000000017fa0000)]
  0x00000000172f3000 JavaThread "C1 CompilerThread3" daemon [_thread_blocked, id=18544, stack(0x0000000017da0000,0x0000000017ea0000)]
  0x00000000172f0000 JavaThread "C2 CompilerThread2" daemon [_thread_in_native, id=6868, stack(0x0000000017ca0000,0x0000000017da0000)]
=>0x00000000172ef000 JavaThread "C2 CompilerThread1" daemon [_thread_in_native, id=12744, stack(0x0000000017ba0000,0x0000000017ca0000)]
  0x00000000172ea800 JavaThread "C2 CompilerThread0" daemon [_thread_in_native, id=10424, stack(0x0000000017aa0000,0x0000000017ba0000)]
  0x00000000172e8800 JavaThread "Attach Listener" daemon [_thread_blocked, id=9028, stack(0x00000000179a0000,0x0000000017aa0000)]
  0x00000000153de800 JavaThread "Signal Dispatcher" daemon [_thread_blocked, id=18148, stack(0x00000000178a0000,0x00000000179a0000)]
  0x00000000172e0800 JavaThread "Finalizer" daemon [_thread_blocked, id=5108, stack(0x00000000176c0000,0x00000000177c0000)]
  0x00000000028a4000 JavaThread "Reference Handler" daemon [_thread_blocked, id=12872, stack(0x00000000171c0000,0x00000000172c0000)]
  0x00000000027b0800 JavaThread "main" [_thread_blocked, id=6736, stack(0x00000000026b0000,0x00000000027b0000)]

Other Threads:
  0x00000000153c9800 VMThread [stack: 0x00000000170c0000,0x00000000171c0000] [id=19720]
  0x00000000173a1800 WatcherThread [stack: 0x0000000017fa0000,0x00000000180a0000] [id=19732]

VM state:not at safepoint (normal execution)

VM Mutex/Monitor currently owned by a thread: None

Heap:
 PSYoungGen      total 76288K, used 27900K [0x00000000eab00000, 0x00000000f4000000, 0x0000000100000000)
  eden space 65536K, 27% used [0x00000000eab00000,0x00000000ebc90de0,0x00000000eeb00000)
  from space 10752K, 92% used [0x00000000eeb00000,0x00000000ef4ae550,0x00000000ef580000)
  to   space 10752K, 0% used [0x00000000f3580000,0x00000000f3580000,0x00000000f4000000)
 ParOldGen       total 175104K, used 8K [0x00000000c0000000, 0x00000000cab00000, 0x00000000eab00000)
  object space 175104K, 0% used [0x00000000c0000000,0x00000000c0002000,0x00000000cab00000)
 Metaspace       used 6032K, capacity 6966K, committed 7040K, reserved 1056768K
  class space    used 599K, capacity 622K, committed 640K, reserved 1048576K

Card table byte_map: [0x0000000011c70000,0x0000000011e80000] byte_map_base: 0x0000000011670000

Marking Bits: (ParMarkBitMap*) 0x0000000052d12f70
 Begin Bits: [0x00000000127e0000, 0x00000000137e0000)
 End Bits:   [0x00000000137e0000, 0x00000000147e0000)

Polling page: 0x00000000025c0000

CodeCache: size=245760Kb used=5877Kb max_used=5883Kb free=239882Kb
 bounds [0x00000000028b0000, 0x0000000002e80000, 0x00000000118b0000]
 total_blobs=1671 nmethods=1402 adapters=182
 compilation: enabled

Compilation events (10 events):
Event: 2.353 Thread 0x00000000172f3000 1430       2       com.android.dx.cf.code.Ropper::labelToBlock (52 bytes)
Event: 2.354 Thread 0x00000000172f3000 nmethod 1430 0x0000000002e69d50 code [0x0000000002e69f40, 0x0000000002e6a4d8]
Event: 2.354 Thread 0x00000000172f3000 1431       2       java.util.HashMap::values (27 bytes)
Event: 2.354 Thread 0x00000000172f3000 nmethod 1431 0x0000000002e2c650 code [0x0000000002e2c7a0, 0x0000000002e2c990]
Event: 2.354 Thread 0x00000000172f3000 1432       2       java.util.HashMap$Values::iterator (12 bytes)
Event: 2.354 Thread 0x00000000172f3000 nmethod 1432 0x0000000002e69950 code [0x0000000002e69ac0, 0x0000000002e69ca8]
Event: 2.354 Thread 0x00000000172f3000 1433       2       java.util.HashMap$ValueIterator::next (8 bytes)
Event: 2.354 Thread 0x00000000172f3000 nmethod 1433 0x0000000002e69590 code [0x0000000002e69700, 0x0000000002e69888]
Event: 2.360 Thread 0x00000000172f3000 1434       1       com.android.dx.ssa.PhiInsn::isPhiOrMove (2 bytes)
Event: 2.360 Thread 0x00000000172f3000 nmethod 1434 0x0000000002e692d0 code [0x0000000002e69420, 0x0000000002e69530]

GC Heap History (2 events):
Event: 2.155 GC heap before
{Heap before GC invocations=1 (full 0):
 PSYoungGen      total 76288K, used 65536K [0x00000000eab00000, 0x00000000f0000000, 0x0000000100000000)
  eden space 65536K, 100% used [0x00000000eab00000,0x00000000eeb00000,0x00000000eeb00000)
  from space 10752K, 0% used [0x00000000ef580000,0x00000000ef580000,0x00000000f0000000)
  to   space 10752K, 0% used [0x00000000eeb00000,0x00000000eeb00000,0x00000000ef580000)
 ParOldGen       total 175104K, used 0K [0x00000000c0000000, 0x00000000cab00000, 0x00000000eab00000)
  object space 175104K, 0% used [0x00000000c0000000,0x00000000c0000000,0x00000000cab00000)
 Metaspace       used 6016K, capacity 6966K, committed 7040K, reserved 1056768K
  class space    used 599K, capacity 622K, committed 640K, reserved 1048576K
Event: 2.223 GC heap after
Heap after GC invocations=1 (full 0):
 PSYoungGen      total 76288K, used 9913K [0x00000000eab00000, 0x00000000f4000000, 0x0000000100000000)
  eden space 65536K, 0% used [0x00000000eab00000,0x00000000eab00000,0x00000000eeb00000)
  from space 10752K, 92% used [0x00000000eeb00000,0x00000000ef4ae550,0x00000000ef580000)
  to   space 10752K, 0% used [0x00000000f3580000,0x00000000f3580000,0x00000000f4000000)
 ParOldGen       total 175104K, used 8K [0x00000000c0000000, 0x00000000cab00000, 0x00000000eab00000)
  object space 175104K, 0% used [0x00000000c0000000,0x00000000c0002000,0x00000000cab00000)
 Metaspace       used 6016K, capacity 6966K, committed 7040K, reserved 1056768K
  class space    used 599K, capacity 622K, committed 640K, reserved 1048576K
}

Deoptimization events (10 events):
Event: 1.834 Thread 0x00000000175b9000 Uncommon trap: reason=bimorphic action=maybe_recompile pc=0x0000000002d784dc method=com.android.dx.cf.code.BytecodeArray.parseInstruction(ILcom/android/dx/cf/code/BytecodeArray$Visitor;)I @ 1224
Event: 1.834 Thread 0x00000000175b9000 Uncommon trap: reason=bimorphic action=maybe_recompile pc=0x0000000002d784dc method=com.android.dx.cf.code.BytecodeArray.parseInstruction(ILcom/android/dx/cf/code/BytecodeArray$Visitor;)I @ 1224
Event: 1.837 Thread 0x00000000175b9000 Uncommon trap: reason=bimorphic action=maybe_recompile pc=0x0000000002d784dc method=com.android.dx.cf.code.BytecodeArray.parseInstruction(ILcom/android/dx/cf/code/BytecodeArray$Visitor;)I @ 1224
Event: 1.837 Thread 0x00000000175b9000 Uncommon trap: reason=bimorphic action=maybe_recompile pc=0x0000000002d784dc method=com.android.dx.cf.code.BytecodeArray.parseInstruction(ILcom/android/dx/cf/code/BytecodeArray$Visitor;)I @ 1224
Event: 1.920 Thread 0x00000000175b9000 Uncommon trap: reason=class_check action=maybe_recompile pc=0x0000000002e39774 method=com.android.dx.rop.code.RegisterSpec.withSimpleType()Lcom/android/dx/rop/code/RegisterSpec; @ 21
Event: 1.985 Thread 0x00000000175b9000 Uncommon trap: reason=class_check action=maybe_recompile pc=0x0000000002e39774 method=com.android.dx.rop.code.RegisterSpec.withSimpleType()Lcom/android/dx/rop/code/RegisterSpec; @ 21
Event: 2.057 Thread 0x00000000175b9000 Uncommon trap: reason=class_check action=maybe_recompile pc=0x0000000002e39774 method=com.android.dx.rop.code.RegisterSpec.withSimpleType()Lcom/android/dx/rop/code/RegisterSpec; @ 21
Event: 2.301 Thread 0x00000000175c2800 Uncommon trap: reason=class_check action=maybe_recompile pc=0x0000000002e39774 method=com.android.dx.rop.code.RegisterSpec.withSimpleType()Lcom/android/dx/rop/code/RegisterSpec; @ 21
Event: 2.302 Thread 0x00000000175c2800 Uncommon trap: reason=bimorphic action=maybe_recompile pc=0x0000000002b8f0e4 method=java.util.HashMap.getNode(ILjava/lang/Object;)Ljava/util/HashMap$Node; @ 126
Event: 2.302 Thread 0x00000000175c2800 Uncommon trap: reason=class_check action=maybe_recompile pc=0x0000000002c1a940 method=java.util.HashMap.putVal(ILjava/lang/Object;Ljava/lang/Object;ZZ)Ljava/lang/Object; @ 203

Internal exceptions (2 events):
Event: 0.050 Thread 0x00000000027b0800 Exception <a 'java/lang/NoSuchMethodError': Method sun.misc.Unsafe.defineClass(Ljava/lang/String;[BII)Ljava/lang/Class; name or signature does not match> (0x00000000eab07cc0) thrown at [C:\re\workspace\8-2-build-windows-amd64-cygwin\jdk8u91\7017\hotspot\srùπ2^ä©?
Event: 0.050 Thread 0x00000000027b0800 Exception <a 'java/lang/NoSuchMethodError': Method sun.misc.Unsafe.prefetchRead(Ljava/lang/Object;J)V name or signature does not match> (0x00000000eab07fa8) thrown at [C:\re\workspace\8-2-build-windows-amd64-cygwin\jdk8u91\7017\hotspot\src\share\vm\prims\j

Events (10 events):
Event: 2.301 Thread 0x00000000175c2800 DEOPT PACKING pc=0x0000000002e39774 sp=0x000000001859ee20
Event: 2.301 Thread 0x00000000175c2800 DEOPT UNPACKING pc=0x00000000028f582a sp=0x000000001859edb8 mode 2
Event: 2.302 Thread 0x00000000175c2800 Uncommon trap: trap_request=0xffffffc6 fr.pc=0x0000000002b8f0e4
Event: 2.302 Thread 0x00000000175c2800 DEOPT PACKING pc=0x0000000002b8f0e4 sp=0x000000001859ed20
Event: 2.302 Thread 0x00000000175c2800 DEOPT UNPACKING pc=0x00000000028f582a sp=0x000000001859eca0 mode 2
Event: 2.302 Thread 0x00000000175c2800 Uncommon trap: trap_request=0xffffffde fr.pc=0x0000000002c1a940
Event: 2.302 Thread 0x00000000175c2800 DEOPT PACKING pc=0x0000000002c1a940 sp=0x000000001859ed00
Event: 2.302 Thread 0x00000000175c2800 DEOPT UNPACKING pc=0x00000000028f582a sp=0x000000001859ec78 mode 2
Event: 2.341 Thread 0x00000000174c6800 Thread exited: 0x00000000174c6800
Event: 2.347 Thread 0x00000000175c1800 Thread exited: 0x00000000175c1800


Dynamic libraries:
0x00007ff6bbba0000 - 0x00007ff6bbbd7000 	C:\Program Files\Java\jdk1.8.0_91\bin\java.exe
0x00007ffa08a60000 - 0x00007ffa08c0d000 	C:\Windows\SYSTEM32\ntdll.dll
0x00007ffa06460000 - 0x00007ffa0659e000 	C:\Windows\system32\KERNEL32.DLL
0x00007ffa05f90000 - 0x00007ffa060a5000 	C:\Windows\system32\KERNELBASE.dll
0x00007ffa04750000 - 0x00007ffa047de000 	C:\Windows\system32\apphelp.dll
0x00007ff9f05c0000 - 0x00007ff9f0613000 	C:\Windows\AppPatch\AppPatch64\AcGenral.DLL
0x00007ffa07c20000 - 0x00007ffa07cca000 	C:\Windows\system32\msvcrt.dll
0x00007ffa060b0000 - 0x00007ffa060de000 	C:\Windows\system32\SspiCli.dll
0x00007ffa06180000 - 0x00007ffa061d4000 	C:\Windows\system32\SHLWAPI.dll
0x00007ffa083f0000 - 0x00007ffa08567000 	C:\Windows\system32\USER32.dll
0x00007ffa07ef0000 - 0x00007ffa08084000 	C:\Windows\system32\ole32.dll
0x00007ffa066f0000 - 0x00007ffa07c18000 	C:\Windows\system32\SHELL32.dll
0x00007ffa05150000 - 0x00007ffa05171000 	C:\Windows\SYSTEM32\USERENV.dll
0x00007ffa07e40000 - 0x00007ffa07eea000 	C:\Windows\system32\ADVAPI32.dll
0x00007ff9f3d90000 - 0x00007ff9f3dae000 	C:\Windows\SYSTEM32\MPR.dll
0x00007ffa087c0000 - 0x00007ffa08900000 	C:\Windows\system32\RPCRT4.dll
0x00007ffa07cd0000 - 0x00007ffa07d29000 	C:\Windows\SYSTEM32\sechost.dll
0x00007ffa08090000 - 0x00007ffa082a1000 	C:\Windows\SYSTEM32\combase.dll
0x00007ffa065a0000 - 0x00007ffa066ef000 	C:\Windows\system32\GDI32.dll
0x00007ffa05b80000 - 0x00007ffa05b95000 	C:\Windows\SYSTEM32\profapi.dll
0x00007ffa04120000 - 0x00007ffa041d2000 	C:\Windows\SYSTEM32\SHCORE.dll
0x00007ffa060e0000 - 0x00007ffa06116000 	C:\Windows\system32\IMM32.DLL
0x00007ffa08900000 - 0x00007ffa08a52000 	C:\Windows\system32\MSCTF.dll
0x00007ffa03800000 - 0x00007ffa03a7b000 	C:\Windows\WinSxS\amd64_microsoft.windows.common-controls_6595b64144ccf1df_6.0.9600.18006_none_623f33d3ecbe86e8\COMCTL32.dll
0x0000000053790000 - 0x0000000053862000 	C:\Program Files\Java\jdk1.8.0_91\jre\bin\msvcr100.dll
0x0000000052500000 - 0x0000000052d93000 	C:\Program Files\Java\jdk1.8.0_91\jre\bin\server\jvm.dll
0x00007ff9fdc60000 - 0x00007ff9fdc69000 	C:\Windows\SYSTEM32\WSOCK32.dll
0x00007ff9fdd00000 - 0x00007ff9fdd22000 	C:\Windows\SYSTEM32\WINMM.dll
0x00007ff9fe340000 - 0x00007ff9fe34a000 	C:\Windows\SYSTEM32\VERSION.dll
0x00007ffa082b0000 - 0x00007ffa082b7000 	C:\Windows\system32\PSAPI.DLL
0x00007ffa06120000 - 0x00007ffa0617a000 	C:\Windows\system32\WS2_32.dll
0x00007ff9fdcd0000 - 0x00007ff9fdcfa000 	C:\Windows\SYSTEM32\WINMMBASE.dll
0x00007ffa07d50000 - 0x00007ffa07d59000 	C:\Windows\system32\NSI.dll
0x00007ffa05c50000 - 0x00007ffa05c9f000 	C:\Windows\SYSTEM32\cfgmgr32.dll
0x00007ffa049a0000 - 0x00007ffa049c8000 	C:\Windows\SYSTEM32\DEVOBJ.dll
0x0000000053780000 - 0x000000005378f000 	C:\Program Files\Java\jdk1.8.0_91\jre\bin\verify.dll
0x0000000053750000 - 0x0000000053779000 	C:\Program Files\Java\jdk1.8.0_91\jre\bin\java.dll
0x0000000053730000 - 0x0000000053746000 	C:\Program Files\Java\jdk1.8.0_91\jre\bin\zip.dll

VM Arguments:
jvm_args: -Djava.awt.headless=true -Xmx1024M -Dfile.encoding=windows-1252 -Duser.country=US -Duser.language=en -Duser.variant 
java_command: com.android.dx.command.Main --dex --num-threads=4 --output F:\Android Workspace New Crashed Latest\KIMS\mobile\build\intermediates\pre-dexed\release\ftp4j-1.6_39403a72ee0a274ffb9c1916d6f0ec8e18b9db6b.jar F:\Android Workspace New Crashed Latest\KIMS\mobile\libs\ftp4j-1.6.jar
java_class_path (initial): F:\Android-Tools\Eclipse2015\sdk\build-tools\25.0.0\lib\dx.jar
Launcher Type: SUN_STANDARD

Environment Variables:
PATH=C:\Program Files (x86)\PC Connectivity Solution\;C:\ProgramData\Oracle\Java\javapath;C:\Windows\system32;C:\Windows;C:\Windows\System32\Wbem;C:\Windows\System32\WindowsPowerShell\v1.0\;C:\Program Files (x86)\Windows Kits\8.1\Windows Performance Toolkit\;C:\Program Files\Microsoft SQL Server\110\Tools\Binn\;C:\Program Files (x86)\Microsoft SQL Server\100\Tools\Binn\;C:\Program Files\Microsoft SQL Server\100\Tools\Binn\;C:\Program Files\Microsoft SQL Server\100\DTS\Binn\;C:\Program Files (x86)\Microsoft SQL Server\100\Tools\Binn\VSShell\Common7\IDE\;C:\Program Files (x86)\Microsoft Visual Studio 9.0\Common7\IDE\PrivateAssemblies\;C:\Program Files (x86)\Microsoft SQL Server\100\DTS\Binn\;C:\Program Files (x86)\Skype\Phone\;C:\Program Files\nodejs\;C:\Users\Android\AppData\Roaming\npm
USERNAME=Android
OS=Windows_NT
PROCESSOR_IDENTIFIER=Intel64 Family 6 Model 60 Stepping 3, GenuineIntel



---------------  S Y S T E M  ---------------

OS: Windows 8.1 , 64 bit Build 9600 (6.3.9600.17415)

CPU:total 8 (4 cores per cpu, 2 threads per core) family 6 model 60 stepping 3, cmov, cx8, fxsr, mmx, sse, sse2, sse3, ssse3, sse4.1, sse4.2, popcnt, avx, avx2, aes, clmul, erms, rtm, lzcnt, ht, tsc, tscinvbit, bmi1, bmi2

Memory: 4k page, physical 16688520k(2329816k free), swap 19834248k(9268k free)

vm_info: Java HotSpot(TM) 64-Bit Server VM (25.91-b15) for windows-amd64 JRE (1.8.0_91-b15), built on May 20 2016 17:43:15 by "java_re" with MS VC++ 10.0 (VS2010)

time: Tue Mar 14 21:51:27 2017
elapsed time: 2 seconds (0d 0h 0m 2s)

