#
# There is insufficient memory for the Java Runtime Environment to continue.
# Native memory allocation (malloc) failed to allocate 891696 bytes for Chunk::new
# Possible reasons:
#   The system is out of physical RAM or swap space
#   In 32 bit mode, the process size limit was hit
# Possible solutions:
#   Reduce memory load on the system
#   Increase physical memory or swap space
#   Check if swap backing store is full
#   Use 64 bit Java on a 64 bit OS
#   Decrease Java heap size (-Xmx/-Xms)
#   Decrease number of Java threads
#   Decrease Java thread stack sizes (-Xss)
#   Set larger code cache with -XX:ReservedCodeCacheSize=
# This output file may be truncated or incomplete.
#
#  Out of Memory Error (allocation.cpp:390), pid=11092, tid=9880
#
# JRE version: Java(TM) SE Runtime Environment (8.0_91-b15) (build 1.8.0_91-b15)
# Java VM: Java HotSpot(TM) 64-Bit Server VM (25.91-b15 mixed mode windows-amd64 compressed oops)
# Failed to write core dump. Minidumps are not enabled by default on client versions of Windows
#

---------------  T H R E A D  ---------------

Current thread (0x0000000016e7f000):  JavaThread "C2 CompilerThread2" daemon [_thread_in_native, id=9880, stack(0x0000000017830000,0x0000000017930000)]

Stack: [0x0000000017830000,0x0000000017930000]
[error occurred during error reporting (printing stack bounds), id 0xc0000005]

Native frames: (J=compiled Java code, j=interpreted, Vv=VM code, C=native code)


Current CompileTask:
C2:   2480 1274       4       com.android.dx.ssa.SCCP::simulatePhi (169 bytes)


---------------  P R O C E S S  ---------------

Java Threads: ( => current thread )
  0x000000001704a800 JavaThread "pool-1-thread-4" [_thread_in_vm, id=15312, stack(0x0000000018030000,0x0000000018130000)]
  0x0000000017037800 JavaThread "pool-1-thread-3" [_thread_in_Java, id=20340, stack(0x0000000017f30000,0x0000000018030000)]
  0x000000001702f000 JavaThread "pool-1-thread-2" [_thread_in_Java, id=9592, stack(0x0000000017e30000,0x0000000017f30000)]
  0x0000000017034800 JavaThread "pool-2-thread-1" [_thread_blocked, id=17284, stack(0x0000000017d30000,0x0000000017e30000)]
  0x000000001702d000 JavaThread "pool-1-thread-1" [_thread_in_Java, id=18540, stack(0x0000000017c30000,0x0000000017d30000)]
  0x0000000016f19800 JavaThread "Service Thread" daemon [_thread_blocked, id=20232, stack(0x0000000017a30000,0x0000000017b30000)]
  0x0000000016e8e800 JavaThread "C1 CompilerThread3" daemon [_thread_in_native, id=17492, stack(0x0000000017930000,0x0000000017a30000)]
=>0x0000000016e7f000 JavaThread "C2 CompilerThread2" daemon [_thread_in_native, id=9880, stack(0x0000000017830000,0x0000000017930000)]
  0x0000000016e7d800 JavaThread "C2 CompilerThread1" daemon [_thread_in_native, id=10872, stack(0x0000000017730000,0x0000000017830000)]
  0x0000000016e79000 JavaThread "C2 CompilerThread0" daemon [_thread_in_native, id=6692, stack(0x0000000017630000,0x0000000017730000)]
  0x0000000016e77800 JavaThread "Attach Listener" daemon [_thread_blocked, id=7100, stack(0x0000000017530000,0x0000000017630000)]
  0x0000000014f6e800 JavaThread "Signal Dispatcher" daemon [_thread_blocked, id=7120, stack(0x0000000017430000,0x0000000017530000)]
  0x0000000002439000 JavaThread "Finalizer" daemon [_thread_blocked, id=12852, stack(0x0000000017250000,0x0000000017350000)]
  0x0000000002436000 JavaThread "Reference Handler" daemon [_thread_blocked, id=7592, stack(0x0000000016d50000,0x0000000016e50000)]
  0x0000000002340800 JavaThread "main" [_thread_in_native, id=17792, stack(0x00000000021b0000,0x00000000022b0000)]

Other Threads:
  0x0000000014f59000 VMThread [stack: 0x0000000016c50000,0x0000000016d50000] [id=2940]
  0x0000000016f1b800 WatcherThread [stack: 0x0000000017b30000,0x0000000017c30000] [id=7056]

VM state:not at safepoint (normal execution)

VM Mutex/Monitor currently owned by a thread: None

Heap:
 PSYoungGen      total 76288K, used 39322K [0x00000000eab00000, 0x00000000f0000000, 0x0000000100000000)
  eden space 65536K, 60% used [0x00000000eab00000,0x00000000ed166a68,0x00000000eeb00000)
  from space 10752K, 0% used [0x00000000ef580000,0x00000000ef580000,0x00000000f0000000)
  to   space 10752K, 0% used [0x00000000eeb00000,0x00000000eeb00000,0x00000000ef580000)
 ParOldGen       total 175104K, used 0K [0x00000000c0000000, 0x00000000cab00000, 0x00000000eab00000)
  object space 175104K, 0% used [0x00000000c0000000,0x00000000c0000000,0x00000000cab00000)
 Metaspace       used 5910K, capacity 6960K, committed 7040K, reserved 1056768K
  class space    used 588K, capacity 616K, committed 640K, reserved 1048576K

Card table byte_map: [0x0000000011800000,0x0000000011a10000] byte_map_base: 0x0000000011200000

Marking Bits: (ParMarkBitMap*) 0x0000000052d12f70
 Begin Bits: [0x0000000012370000, 0x0000000013370000)
 End Bits:   [0x0000000013370000, 0x0000000014370000)

Polling page: 0x0000000000830000

CodeCache: size=245760Kb used=5251Kb max_used=5251Kb free=240508Kb
 bounds [0x0000000002440000, 0x0000000002970000, 0x0000000011440000]
 total_blobs=1562 nmethods=1300 adapters=175
 compilation: enabled

Compilation events (10 events):
Event: 2.477 Thread 0x0000000016e8e800 nmethod 1299 0x000000000295af10 code [0x000000000295b160, 0x000000000295c9f8]
Event: 2.477 Thread 0x0000000016e8e800 1301       3       com.android.dx.ssa.PhiTypeResolver::run (179 bytes)
Event: 2.478 Thread 0x0000000016e8e800 nmethod 1301 0x000000000295cf10 code [0x000000000295d1a0, 0x000000000295e348]
Event: 2.478 Thread 0x0000000016e8e800 1302       3       com.android.dx.ssa.back.InterferenceGraph::<init> (42 bytes)
Event: 2.478 Thread 0x0000000016e8e800 nmethod 1302 0x000000000295eb50 code [0x000000000295ed60, 0x000000000295f828]
Event: 2.478 Thread 0x0000000016e8e800 1304       3       com.android.dx.ssa.back.LivenessAnalyzer::constructInterferenceGraph (47 bytes)
Event: 2.479 Thread 0x0000000016e8e800 nmethod 1304 0x000000000293bcd0 code [0x000000000293be80, 0x000000000293c2b8]
Event: 2.479 Thread 0x0000000016e8e800 1300       3       com.android.dx.ssa.ConstCollector$2::map (28 bytes)
Event: 2.479 Thread 0x0000000016e8e800 nmethod 1300 0x000000000295fe90 code [0x0000000002960000, 0x0000000002960428]
Event: 2.479 Thread 0x0000000016e8e800 1306       3       com.android.dx.ssa.SsaMethod::onSourceChanged (65 bytes)

GC Heap History (0 events):
No events

Deoptimization events (10 events):
Event: 2.007 Thread 0x000000001702d000 Uncommon trap: reason=class_check action=maybe_recompile pc=0x00000000027ccca8 method=com.android.dx.rop.type.Type.equals(Ljava/lang/Object;)Z @ 8
Event: 2.007 Thread 0x000000001702d000 Uncommon trap: reason=null_check action=make_not_entrant pc=0x00000000027cccb8 method=com.android.dx.rop.type.Type.equals(Ljava/lang/Object;)Z @ 8
Event: 2.053 Thread 0x0000000002340800 Uncommon trap: reason=unloaded action=reinterpret pc=0x00000000027404a0 method=com.android.dx.cf.cst.ConstantPoolParser.parse0(ILjava/util/BitSet;)Lcom/android/dx/rop/cst/Constant; @ 475
Event: 2.082 Thread 0x0000000002340800 Uncommon trap: reason=unstable_if action=reinterpret pc=0x00000000026d56b8 method=com.android.dx.rop.cst.StdConstantPool.set(ILcom/android/dx/rop/cst/Constant;)V @ 12
Event: 2.191 Thread 0x0000000002340800 Uncommon trap: reason=unstable_if action=reinterpret pc=0x00000000025aa4d0 method=java.lang.String.<init>([CII)V @ 18
Event: 2.379 Thread 0x000000001704a800 Uncommon trap: reason=class_check action=maybe_recompile pc=0x00000000028d6ebc method=com.android.dx.cf.code.BytecodeArray.parseInstruction(ILcom/android/dx/cf/code/BytecodeArray$Visitor;)I @ 2225
Event: 2.384 Thread 0x000000001704a800 Uncommon trap: reason=class_check action=maybe_recompile pc=0x00000000028d6ebc method=com.android.dx.cf.code.BytecodeArray.parseInstruction(ILcom/android/dx/cf/code/BytecodeArray$Visitor;)I @ 2225
Event: 2.437 Thread 0x0000000017037800 Uncommon trap: reason=class_check action=maybe_recompile pc=0x00000000028d6ebc method=com.android.dx.cf.code.BytecodeArray.parseInstruction(ILcom/android/dx/cf/code/BytecodeArray$Visitor;)I @ 2225
Event: 2.437 Thread 0x0000000017037800 Uncommon trap: reason=class_check action=maybe_recompile pc=0x00000000028d6ebc method=com.android.dx.cf.code.BytecodeArray.parseInstruction(ILcom/android/dx/cf/code/BytecodeArray$Visitor;)I @ 2225
Event: 2.466 Thread 0x0000000002340800 Uncommon trap: reason=unstable_if action=reinterpret pc=0x00000000027708a8 method=java.lang.String.<init>([CII)V @ 18

Internal exceptions (3 events):
Event: 0.050 Thread 0x0000000002340800 Exception <a 'java/lang/NoSuchMethodError': Method sun.misc.Unsafe.defineClass(Ljava/lang/String;[BII)Ljava/lang/Class; name or signature does not match> (0x00000000eab07cc0) thrown at [C:\re\workspace\8-2-build-windows-amd64-cygwin\jdk8u91\7017\hotspot\srÃÆy‰à©?
Event: 0.050 Thread 0x0000000002340800 Exception <a 'java/lang/NoSuchMethodError': Method sun.misc.Unsafe.prefetchRead(Ljava/lang/Object;J)V name or signature does not match> (0x00000000eab07fa8) thrown at [C:\re\workspace\8-2-build-windows-amd64-cygwin\jdk8u91\7017\hotspot\src\share\vm\prims\jª‰IW
Event: 2.007 Thread 0x000000001702d000 Implicit null exception at 0x00000000027ccba2 to 0x00000000027ccca9

Events (10 events):
Event: 2.437 Thread 0x0000000017037800 DEOPT UNPACKING pc=0x000000000248582a sp=0x000000001802e748 mode 2
Event: 2.453 Executing VM operation: ForceSafepoint
Event: 2.454 Executing VM operation: ForceSafepoint done
Event: 2.463 loading class com/android/dx/cf/attrib/AttLocalVariableTypeTable
Event: 2.463 loading class com/android/dx/cf/attrib/AttLocalVariableTypeTable done
Event: 2.466 Thread 0x0000000002340800 Uncommon trap: trap_request=0xffffff65 fr.pc=0x00000000027708a8
Event: 2.466 Thread 0x0000000002340800 DEOPT PACKING pc=0x00000000027708a8 sp=0x00000000022adf90
Event: 2.466 Thread 0x0000000002340800 DEOPT UNPACKING pc=0x000000000248582a sp=0x00000000022adf58 mode 2
Event: 2.469 loading class java/util/DualPivotQuicksort
Event: 2.469 loading class java/util/DualPivotQuicksort done


Dynamic libraries:
0x00007ff6bbba0000 - 0x00007ff6bbbd7000 	C:\Program Files\Java\jdk1.8.0_91\bin\java.exe
0x00007ffa08a60000 - 0x00007ffa08c0d000 	C:\Windows\SYSTEM32\ntdll.dll
0x00007ffa06460000 - 0x00007ffa0659e000 	C:\Windows\system32\KERNEL32.DLL
0x00007ffa05f90000 - 0x00007ffa060a5000 	C:\Windows\system32\KERNELBASE.dll
0x00007ffa04750000 - 0x00007ffa047de000 	C:\Windows\system32\apphelp.dll
0x00007ff9f05c0000 - 0x00007ff9f0613000 	C:\Windows\AppPatch\AppPatch64\AcGenral.DLL
0x00007ffa07c20000 - 0x00007ffa07cca000 	C:\Windows\system32\msvcrt.dll
0x00007ffa060b0000 - 0x00007ffa060de000 	C:\Windows\system32\SspiCli.dll
0x00007ffa06180000 - 0x00007ffa061d4000 	C:\Windows\system32\SHLWAPI.dll
0x00007ffa083f0000 - 0x00007ffa08567000 	C:\Windows\system32\USER32.dll
0x00007ffa07ef0000 - 0x00007ffa08084000 	C:\Windows\system32\ole32.dll
0x00007ffa066f0000 - 0x00007ffa07c18000 	C:\Windows\system32\SHELL32.dll
0x00007ffa05150000 - 0x00007ffa05171000 	C:\Windows\SYSTEM32\USERENV.dll
0x00007ffa07e40000 - 0x00007ffa07eea000 	C:\Windows\system32\ADVAPI32.dll
0x00007ff9f3d90000 - 0x00007ff9f3dae000 	C:\Windows\SYSTEM32\MPR.dll
0x00007ffa087c0000 - 0x00007ffa08900000 	C:\Windows\system32\RPCRT4.dll
0x00007ffa07cd0000 - 0x00007ffa07d29000 	C:\Windows\SYSTEM32\sechost.dll
0x00007ffa08090000 - 0x00007ffa082a1000 	C:\Windows\SYSTEM32\combase.dll
0x00007ffa065a0000 - 0x00007ffa066ef000 	C:\Windows\system32\GDI32.dll
0x00007ffa05b80000 - 0x00007ffa05b95000 	C:\Windows\SYSTEM32\profapi.dll
0x00007ffa04120000 - 0x00007ffa041d2000 	C:\Windows\SYSTEM32\SHCORE.dll
0x00007ffa060e0000 - 0x00007ffa06116000 	C:\Windows\system32\IMM32.DLL
0x00007ffa08900000 - 0x00007ffa08a52000 	C:\Windows\system32\MSCTF.dll
0x00007ffa03800000 - 0x00007ffa03a7b000 	C:\Windows\WinSxS\amd64_microsoft.windows.common-controls_6595b64144ccf1df_6.0.9600.18006_none_623f33d3ecbe86e8\COMCTL32.dll
0x0000000053790000 - 0x0000000053862000 	C:\Program Files\Java\jdk1.8.0_91\jre\bin\msvcr100.dll
0x0000000052500000 - 0x0000000052d93000 	C:\Program Files\Java\jdk1.8.0_91\jre\bin\server\jvm.dll
0x00007ff9fdc60000 - 0x00007ff9fdc69000 	C:\Windows\SYSTEM32\WSOCK32.dll
0x00007ff9fdd00000 - 0x00007ff9fdd22000 	C:\Windows\SYSTEM32\WINMM.dll
0x00007ff9fe340000 - 0x00007ff9fe34a000 	C:\Windows\SYSTEM32\VERSION.dll
0x00007ffa082b0000 - 0x00007ffa082b7000 	C:\Windows\system32\PSAPI.DLL
0x00007ffa06120000 - 0x00007ffa0617a000 	C:\Windows\system32\WS2_32.dll
0x00007ff9fdcd0000 - 0x00007ff9fdcfa000 	C:\Windows\SYSTEM32\WINMMBASE.dll
0x00007ffa07d50000 - 0x00007ffa07d59000 	C:\Windows\system32\NSI.dll
0x00007ffa05c50000 - 0x00007ffa05c9f000 	C:\Windows\SYSTEM32\cfgmgr32.dll
0x00007ffa049a0000 - 0x00007ffa049c8000 	C:\Windows\SYSTEM32\DEVOBJ.dll
0x0000000053780000 - 0x000000005378f000 	C:\Program Files\Java\jdk1.8.0_91\jre\bin\verify.dll
0x0000000053750000 - 0x0000000053779000 	C:\Program Files\Java\jdk1.8.0_91\jre\bin\java.dll
0x0000000053730000 - 0x0000000053746000 	C:\Program Files\Java\jdk1.8.0_91\jre\bin\zip.dll

VM Arguments:
jvm_args: -Djava.awt.headless=true -Xmx1024M -Dfile.encoding=windows-1252 -Duser.country=US -Duser.language=en -Duser.variant 
java_command: com.android.dx.command.Main --dex --num-threads=4 --output F:\Android Workspace New Crashed Latest\KIMS\mobile\build\intermediates\pre-dexed\release\release_51ddf2b2fb33e476a069fccf871ecf66d578bacf.jar F:\Android Workspace New Crashed Latest\KIMS\mobile\build\intermediates\classes\release
java_class_path (initial): F:\Android-Tools\Eclipse2015\sdk\build-tools\25.0.0\lib\dx.jar
Launcher Type: SUN_STANDARD

Environment Variables:
PATH=C:\Program Files (x86)\PC Connectivity Solution\;C:\ProgramData\Oracle\Java\javapath;C:\Windows\system32;C:\Windows;C:\Windows\System32\Wbem;C:\Windows\System32\WindowsPowerShell\v1.0\;C:\Program Files (x86)\Windows Kits\8.1\Windows Performance Toolkit\;C:\Program Files\Microsoft SQL Server\110\Tools\Binn\;C:\Program Files (x86)\Microsoft SQL Server\100\Tools\Binn\;C:\Program Files\Microsoft SQL Server\100\Tools\Binn\;C:\Program Files\Microsoft SQL Server\100\DTS\Binn\;C:\Program Files (x86)\Microsoft SQL Server\100\Tools\Binn\VSShell\Common7\IDE\;C:\Program Files (x86)\Microsoft Visual Studio 9.0\Common7\IDE\PrivateAssemblies\;C:\Program Files (x86)\Microsoft SQL Server\100\DTS\Binn\;C:\Program Files (x86)\Skype\Phone\;C:\Program Files\nodejs\;C:\Users\Android\AppData\Roaming\npm
USERNAME=Android
OS=Windows_NT
PROCESSOR_IDENTIFIER=Intel64 Family 6 Model 60 Stepping 3, GenuineIntel



---------------  S Y S T E M  ---------------

OS: Windows 8.1 , 64 bit Build 9600 (6.3.9600.17415)

CPU:total 8 (4 cores per cpu, 2 threads per core) family 6 model 60 stepping 3, cmov, cx8, fxsr, mmx, sse, sse2, sse3, ssse3, sse4.1, sse4.2, popcnt, avx, avx2, aes, clmul, erms, rtm, lzcnt, ht, tsc, tscinvbit, bmi1, bmi2

Memory: 4k page, physical 16688520k(2315096k free), swap 19834248k(5308k free)

vm_info: Java HotSpot(TM) 64-Bit Server VM (25.91-b15) for windows-amd64 JRE (1.8.0_91-b15), built on May 20 2016 17:43:15 by "java_re" with MS VC++ 10.0 (VS2010)

time: Tue Mar 14 21:51:27 2017
elapsed time: 2 seconds (0d 0h 0m 2s)

